resume target='Dany Robin' start=0/200
generated target='Dany Robin' sample=1/200 source='Vladimir Putin' chars=1668
generated target='Dany Robin' sample=2/200 source='Emma Watson' chars=1579
generated target='Dany Robin' sample=3/200 source='Lady Gaga' chars=1453
generated target='Dany Robin' sample=4/200 source='Evo Morales' chars=1548
generated target='Dany Robin' sample=5/200 source='Jennifer Aniston' chars=1373
generated target='Dany Robin' sample=6/200 source='Derek Jeter' chars=1349
generated target='Dany Robin' sample=7/200 source='Tom Hardy' chars=1344
generated target='Dany Robin' sample=8/200 source='Robin Williams' chars=1481
generated target='Dany Robin' sample=9/200 source='Pablo Escobar' chars=1568
generated target='Dany Robin' sample=10/200 source='Edith Wharton' chars=1469
generated target='Dany Robin' sample=11/200 source='Taylor Swift' chars=1438
generated target='Dany Robin' sample=12/200 source='Andrew Carnegie' chars=1632
generated target='Dany Robin' sample=13/200 source='Viola Davis' chars=1439
generated target='Dany Robin' sample=14/200 source='Sigmund Freud' chars=1624
generated target='Dany Robin' sample=15/200 source='Angela Merkel' chars=1657
generated target='Dany Robin' sample=16/200 source='Paul Dirac' chars=1626
generated target='Dany Robin' sample=17/200 source='James Watson' chars=1478
generated target='Dany Robin' sample=18/200 source='Jacinda Ardern' chars=1447
generated target='Dany Robin' sample=19/200 source='George VI' chars=1625
generated target='Dany Robin' sample=20/200 source='George Washington' chars=1485
generated target='Dany Robin' sample=21/200 source='Arnold Schwarzenegger' chars=1421
generated target='Dany Robin' sample=22/200 source='Jean-Jacques Rousseau' chars=1678
generated target='Dany Robin' sample=23/200 source='Larry Bird' chars=1569
generated target='Dany Robin' sample=24/200 source='Queen Victoria' chars=1642
generated target='Dany Robin' sample=25/200 source='Ryan Reynolds' chars=1426
generated target='Dany Robin' sample=26/200 source='Sylvester Stallone' chars=1526
generated target='Dany Robin' sample=27/200 source='Lali Espósito' chars=1222
generated target='Dany Robin' sample=28/200 source='Alexis de Tocqueville' chars=1671
generated target='Dany Robin' sample=29/200 source='Ted Bundy' chars=1654
generated target='Dany Robin' sample=30/200 source='Joe Biden' chars=1604
generated target='Dany Robin' sample=31/200 source='Sachin Tendulkar' chars=1377
generated target='Dany Robin' sample=32/200 source='Britney Spears' chars=1500
generated target='Dany Robin' sample=33/200 source='Jay-Z' chars=1574
generated target='Dany Robin' sample=34/200 source='Charles III' chars=1834
generated target='Dany Robin' sample=35/200 source='Lil Wayne' chars=1493
generated target='Dany Robin' sample=36/200 source='Walter Disney' chars=1480
generated target='Dany Robin' sample=37/200 source='Marta Vieira da Silva' chars=1463
generated target='Dany Robin' sample=38/200 source='Mark Zuckerberg' chars=1585
generated target='Dany Robin' sample=39/200 source='Eminem' chars=1538
generated target='Dany Robin' sample=40/200 source='Isaac Asimov' chars=1606
generated target='Dany Robin' sample=41/200 source='Stephen Curry' chars=1564
generated target='Dany Robin' sample=42/200 source='Rupert Murdoch' chars=1750
generated target='Dany Robin' sample=43/200 source='Fidel Castro' chars=1443
generated target='Dany Robin' sample=44/200 source='Selena Gomez' chars=1464
generated target='Dany Robin' sample=45/200 source='Roger Federer' chars=1593
generated target='Dany Robin' sample=46/200 source='Tom Hanks' chars=1398
generated target='Dany Robin' sample=47/200 source='Diego Maradona' chars=1530
generated target='Dany Robin' sample=48/200 source='Bruce Lee' chars=1580
generated target='Dany Robin' sample=49/200 source='Shimon Peres' chars=1594
generated target='Dany Robin' sample=50/200 source='Kevin Systrom' chars=1518
generated target='Dany Robin' sample=51/200 source='Scarlett Johansson' chars=1461
generated target='Dany Robin' sample=52/200 source='John F. Kennedy' chars=1516
generated target='Dany Robin' sample=53/200 source='Blaise Pascal' chars=1672
generated target='Dany Robin' sample=54/200 source='Mukesh Ambani' chars=1548
generated target='Dany Robin' sample=55/200 source='Sun Tzu' chars=1518
generated target='Dany Robin' sample=56/200 source='Euclid' chars=1645
generated target='Dany Robin' sample=57/200 source='Ken Griffey Jr.' chars=1446
generated target='Dany Robin' sample=58/200 source='Debra Lee' chars=1300
generated target='Dany Robin' sample=59/200 source='Lise Meitner' chars=1619
generated target='Dany Robin' sample=60/200 source='Charles de Gaulle' chars=1629
generated target='Dany Robin' sample=61/200 source='Sylvia Mathews Burwell' chars=1234
generated target='Dany Robin' sample=62/200 source='David Bowie' chars=1445
generated target='Dany Robin' sample=63/200 source='Helmut Kohl' chars=1586
generated target='Dany Robin' sample=64/200 source='John Lennon' chars=1616
generated target='Dany Robin' sample=65/200 source='Ariana Grande' chars=1508
generated target='Dany Robin' sample=66/200 source='Lewis Hamilton' chars=1302
generated target='Dany Robin' sample=67/200 source='Prince (musician)' chars=1533
generated target='Dany Robin' sample=68/200 source='Abraham Lincoln' chars=1532
generated target='Dany Robin' sample=69/200 source='Megan Fox' chars=1232
generated target='Dany Robin' sample=70/200 source='Anne Hathaway' chars=1223
generated target='Dany Robin' sample=71/200 source='Dwayne Johnson' chars=1671
generated target='Dany Robin' sample=72/200 source='Zaha Hadid' chars=1745
generated target='Dany Robin' sample=73/200 source='Pope Francis' chars=1562
generated target='Dany Robin' sample=74/200 source='Bob Dylan' chars=1348
generated target='Dany Robin' sample=75/200 source='Kamala Harris' chars=1603
generated target='Dany Robin' sample=76/200 source='Novak Djokovic' chars=1679
generated target='Dany Robin' sample=77/200 source='Boris Johnson' chars=1589
generated target='Dany Robin' sample=78/200 source='Anne Carson' chars=1645
generated target='Dany Robin' sample=79/200 source='Lionel Messi' chars=1473
generated target='Dany Robin' sample=80/200 source='Jack Ma' chars=1304
generated target='Dany Robin' sample=81/200 source='Audrey Hepburn' chars=1494
generated target='Dany Robin' sample=82/200 source='Phil Knight' chars=1635
generated target='Dany Robin' sample=83/200 source='Elon Musk' chars=1718
generated target='Dany Robin' sample=84/200 source='Cate Blanchett' chars=1365
generated target='Dany Robin' sample=85/200 source='David Cameron' chars=1583
generated target='Dany Robin' sample=86/200 source='Rihanna' chars=1420
generated target='Dany Robin' sample=87/200 source='Jerry Rice' chars=1489
generated target='Dany Robin' sample=88/200 source='Demi Lovato' chars=1551
generated target='Dany Robin' sample=89/200 source='Justin Bieber' chars=1639
generated target='Dany Robin' sample=90/200 source='Bill Gates' chars=1742
generated target='Dany Robin' sample=91/200 source='Michael Jackson' chars=1487
generated target='Dany Robin' sample=92/200 source='Rafael Nadal' chars=1550
generated target='Dany Robin' sample=93/200 source='Silvio Berlusconi' chars=1561
generated target='Dany Robin' sample=94/200 source='Leonardo da Vinci' chars=1659
generated target='Dany Robin' sample=95/200 source='Princess Margaret, Countess of Snowdon' chars=1469
generated target='Dany Robin' sample=96/200 source='Ralph Lauren' chars=1700
generated target='Dany Robin' sample=97/200 source='Thomas Edison' chars=1777
generated target='Dany Robin' sample=98/200 source='Jennifer Lopez' chars=1344
generated target='Dany Robin' sample=99/200 source='William Shakespeare' chars=1590
generated target='Dany Robin' sample=100/200 source='Immanuel Kant' chars=1673
generated target='Dany Robin' sample=101/200 source='Mia Hamm' chars=1628
generated target='Dany Robin' sample=102/200 source='John Cena' chars=1736
generated target='Dany Robin' sample=103/200 source='Angela Davis' chars=1624
generated target='Dany Robin' sample=104/200 source='Bob Marley' chars=1397
generated target='Dany Robin' sample=105/200 source='Greg LeMond' chars=1481
generated target='Dany Robin' sample=106/200 source='Zlatan Ibrahimovic' chars=1430
generated target='Dany Robin' sample=107/200 source='George W. Bush' chars=1733
generated target='Dany Robin' sample=108/200 source='Nancy Pelosi' chars=1537
generated target='Dany Robin' sample=109/200 source='Galileo Galilei' chars=1674
generated target='Dany Robin' sample=110/200 source='Donald Trump' chars=1751
generated target='Dany Robin' sample=111/200 source='Adolf Hitler' chars=1624
generated target='Dany Robin' sample=112/200 source='Keanu Reeves' chars=1486
generated target='Dany Robin' sample=113/200 source='Tupac Shakur' chars=1574
generated target='Dany Robin' sample=114/200 source='W.E.B. Du Bois' chars=1541
generated target='Dany Robin' sample=115/200 source='Mahatma Gandhi' chars=1602
generated target='Dany Robin' sample=116/200 source='Nikola Tesla' chars=1671
generated target='Dany Robin' sample=117/200 source='Alan Turing' chars=1645
generated target='Dany Robin' sample=118/200 source='Margaret Mead' chars=1662
generated target='Dany Robin' sample=119/200 source='Michael Jordan' chars=1422
generated target='Dany Robin' sample=120/200 source='Elizabeth II' chars=1605
generated target='Dany Robin' sample=121/200 source='Meghan, Duchess of Sussex' chars=1350
generated target='Dany Robin' sample=122/200 source='Zinedine Zidane' chars=1534
generated target='Dany Robin' sample=123/200 source='Cristiano Ronaldo' chars=1629
generated target='Dany Robin' sample=124/200 source='Muhammad Ali' chars=1523
generated target='Dany Robin' sample=125/200 source='Freddie Mercury' chars=1506
generated target='Dany Robin' sample=126/200 source='Franklin D. Roosevelt' chars=1600
generated target='Dany Robin' sample=127/200 source='Denzel Washington' chars=1549
generated target='Dany Robin' sample=128/200 source='Carl Linnaeus' chars=1542
generated target='Dany Robin' sample=129/200 source='Jennifer Lawrence' chars=1383
generated target='Dany Robin' sample=130/200 source='Beyoncé' chars=1533
generated target='Dany Robin' sample=131/200 source='Mike Tyson' chars=1566
generated target='Dany Robin' sample=132/200 source='Ronald Reagan' chars=1622
generated target='Dany Robin' sample=133/200 source='Leonardo DiCaprio' chars=1716
generated target='Dany Robin' sample=134/200 source='Heath Ledger' chars=1301
generated target='Dany Robin' sample=135/200 source='Michael Schumacher' chars=1539
generated target='Dany Robin' sample=136/200 source='Prince Philip, Duke of Edinburgh' chars=1636
generated target='Dany Robin' sample=137/200 source='Tony Blair' chars=1559
generated target='Dany Robin' sample=138/200 source='Sergey Brin' chars=1640
generated target='Dany Robin' sample=139/200 source='Steve Jobs' chars=1674
generated target='Dany Robin' sample=140/200 source='Ginni Rometty' chars=1613
generated target='Dany Robin' sample=141/200 source='Russell Crowe' chars=1527
generated target='Dany Robin' sample=142/200 source='Nelson Mandela' chars=1704
generated target='Dany Robin' sample=143/200 source='Plato' chars=1725
generated target='Dany Robin' sample=144/200 source='Amartya Sen' chars=1824
generated target='Dany Robin' sample=145/200 source='Morgan Freeman' chars=1471
generated target='Dany Robin' sample=146/200 source='Thabo Mbeki' chars=1463
generated target='Dany Robin' sample=147/200 source='Dian Fossey' chars=1646
generated target='Dany Robin' sample=148/200 source='Diana, Princess of Wales' chars=1554
generated target='Dany Robin' sample=149/200 source='Will Smith' chars=1489
generated target='Dany Robin' sample=150/200 source='Martina Navratilova' chars=1296
generated target='Dany Robin' sample=151/200 source='Magic Johnson' chars=1519
generated target='Dany Robin' sample=152/200 source='Cris Cyborg' chars=1670
generated target='Dany Robin' sample=153/200 source='Miley Cyrus' chars=1414
generated target='Dany Robin' sample=154/200 source='Ruth Bader Ginsburg' chars=1482
generated target='Dany Robin' sample=155/200 source='Brad Pitt' chars=1622
generated target='Dany Robin' sample=156/200 source='Clint Eastwood' chars=1472
generated target='Dany Robin' sample=157/200 source='Billie Eilish' chars=1412
generated target='Dany Robin' sample=158/200 source='Adele' chars=1173
generated target='Dany Robin' sample=159/200 source='Zbigniew Brzezinski' chars=1556
generated target='Dany Robin' sample=160/200 source='Charles Manson' chars=1586
generated target='Dany Robin' sample=161/200 source='Johnny Depp' chars=1567
generated target='Dany Robin' sample=162/200 source='David Geffen' chars=1585
generated target='Dany Robin' sample=163/200 source='David Attenborough' chars=1615
generated target='Dany Robin' sample=164/200 source='Kanye West' chars=1492
generated target='Dany Robin' sample=165/200 source='Anna Wintour' chars=1657
generated target='Dany Robin' sample=166/200 source='Tom Brady' chars=1693
generated target='Dany Robin' sample=167/200 source='Winston Churchill' chars=1493
generated target='Dany Robin' sample=168/200 source='Frida Kahlo' chars=1597
generated target='Dany Robin' sample=169/200 source='Kylian Mbappe' chars=1410
generated target='Dany Robin' sample=170/200 source='Robert De Niro' chars=1445
generated target='Dany Robin' sample=171/200 source='Yasser Arafat' chars=1614
generated target='Dany Robin' sample=172/200 source='Madonna' chars=1365
generated target='Dany Robin' sample=173/200 source='Katy Perry' chars=1455
generated target='Dany Robin' sample=174/200 source='LeBron James' chars=1419
generated target='Dany Robin' sample=175/200 source='Mila Kunis' chars=1413
generated target='Dany Robin' sample=176/200 source='Kobe Bryant' chars=1548
generated target='Dany Robin' sample=177/200 source='Kim Kardashian' chars=1245
generated target='Dany Robin' sample=178/200 source='Indra Nooyi' chars=1592
generated target='Dany Robin' sample=179/200 source='John Howard' chars=1751
generated target='Dany Robin' sample=180/200 source='Golda Meir' chars=1473
generated target='Dany Robin' sample=181/200 source='Nicki Minaj' chars=1287
generated target='Dany Robin' sample=182/200 source='Stephen Hawking' chars=1567
generated target='Dany Robin' sample=183/200 source='Kate Winslet' chars=1542
generated target='Dany Robin' sample=184/200 source='Albert Einstein' chars=1661
generated target='Dany Robin' sample=185/200 source='James Dyson' chars=1761
generated target='Dany Robin' sample=186/200 source='Rachel Carson' chars=1736
generated target='Dany Robin' sample=187/200 source='Indira Gandhi' chars=1651
generated target='Dany Robin' sample=188/200 source='Oprah Winfrey' chars=1539
generated target='Dany Robin' sample=189/200 source='Marilyn Monroe' chars=1410
generated target='Dany Robin' sample=190/200 source='Meryl Streep' chars=1570
resume target='Dany Robin' start=190/200
generated target='Dany Robin' sample=191/200 source='Richard Branson' chars=1701
generated target='Dany Robin' sample=192/200 source='Elvis Presley' chars=1462
generated target='Dany Robin' sample=193/200 source='Nadia Comaneci' chars=1299
generated target='Dany Robin' sample=194/200 source='Mark Wahlberg' chars=1310
generated target='Dany Robin' sample=195/200 source='Barack Obama' chars=1747
generated target='Dany Robin' sample=196/200 source='Angelina Jolie' chars=1593
generated target='Dany Robin' sample=197/200 source='Henry VIII' chars=1590
generated target='Dany Robin' sample=198/200 source='Bernard Arnault' chars=1524
generated target='Dany Robin' sample=199/200 source='Tom Cruise' chars=1282
generated target='Dany Robin' sample=200/200 source='Wayne Gretzky' chars=1572
resume target='Martin Gutzwiller' start=0/200
generated target='Martin Gutzwiller' sample=1/200 source='Zbigniew Brzezinski' chars=1562
generated target='Martin Gutzwiller' sample=2/200 source='Meryl Streep' chars=1709
generated target='Martin Gutzwiller' sample=3/200 source='Vladimir Putin' chars=1669
generated target='Martin Gutzwiller' sample=4/200 source='Angela Merkel' chars=1573
generated target='Martin Gutzwiller' sample=5/200 source='Ken Griffey Jr.' chars=1397
generated target='Martin Gutzwiller' sample=6/200 source='Ruth Bader Ginsburg' chars=1592
generated target='Martin Gutzwiller' sample=7/200 source='Michael Jordan' chars=1469
generated target='Martin Gutzwiller' sample=8/200 source='Britney Spears' chars=1589
generated target='Martin Gutzwiller' sample=9/200 source='Viola Davis' chars=1581
generated target='Martin Gutzwiller' sample=10/200 source='Diana, Princess of Wales' chars=1617
generated target='Martin Gutzwiller' sample=11/200 source='Rafael Nadal' chars=1670
generated target='Martin Gutzwiller' sample=12/200 source='John Cena' chars=1673
generated target='Martin Gutzwiller' sample=13/200 source='Martina Navratilova' chars=1550
generated target='Martin Gutzwiller' sample=14/200 source='David Geffen' chars=1512
generated target='Martin Gutzwiller' sample=15/200 source='Sun Tzu' chars=1361
generated target='Martin Gutzwiller' sample=16/200 source='Megan Fox' chars=1617
generated target='Martin Gutzwiller' sample=17/200 source='Amartya Sen' chars=1726
generated target='Martin Gutzwiller' sample=18/200 source='Angelina Jolie' chars=1530
generated target='Martin Gutzwiller' sample=19/200 source='Lady Gaga' chars=1635
generated target='Martin Gutzwiller' sample=20/200 source='Golda Meir' chars=1565
generated target='Martin Gutzwiller' sample=21/200 source='Debra Lee' chars=1524
generated target='Martin Gutzwiller' sample=22/200 source='Boris Johnson' chars=1483
generated target='Martin Gutzwiller' sample=23/200 source='Anna Wintour' chars=1623
generated target='Martin Gutzwiller' sample=24/200 source='Derek Jeter' chars=1458
generated target='Martin Gutzwiller' sample=25/200 source='Rihanna' chars=1380
generated target='Martin Gutzwiller' sample=26/200 source='Selena Gomez' chars=1593
generated target='Martin Gutzwiller' sample=27/200 source='Anne Carson' chars=1663
generated target='Martin Gutzwiller' sample=28/200 source='George VI' chars=1518
generated target='Martin Gutzwiller' sample=29/200 source='Queen Victoria' chars=1645
generated target='Martin Gutzwiller' sample=30/200 source='Heath Ledger' chars=1474
generated target='Martin Gutzwiller' sample=31/200 source='Sylvester Stallone' chars=1445
generated target='Martin Gutzwiller' sample=32/200 source='Jean-Jacques Rousseau' chars=1633
generated target='Martin Gutzwiller' sample=33/200 source='Bernard Arnault' chars=1510
generated target='Martin Gutzwiller' sample=34/200 source='Keanu Reeves' chars=1613
generated target='Martin Gutzwiller' sample=35/200 source='Mark Zuckerberg' chars=1850
generated target='Martin Gutzwiller' sample=36/200 source='Bob Marley' chars=1444
generated target='Martin Gutzwiller' sample=37/200 source='Madonna' chars=1750
generated target='Martin Gutzwiller' sample=38/200 source='Denzel Washington' chars=1496
generated target='Martin Gutzwiller' sample=39/200 source='Sigmund Freud' chars=1782
generated target='Martin Gutzwiller' sample=40/200 source='Oprah Winfrey' chars=1656
generated target='Martin Gutzwiller' sample=41/200 source='Angela Davis' chars=1710
generated target='Martin Gutzwiller' sample=42/200 source='Jack Ma' chars=1671
generated target='Martin Gutzwiller' sample=43/200 source='Walter Disney' chars=1571
generated target='Martin Gutzwiller' sample=44/200 source='Abraham Lincoln' chars=1564
generated target='Martin Gutzwiller' sample=45/200 source='Paul Dirac' chars=1754
generated target='Martin Gutzwiller' sample=46/200 source='Silvio Berlusconi' chars=1534
generated target='Martin Gutzwiller' sample=47/200 source='Tom Hanks' chars=1533
generated target='Martin Gutzwiller' sample=48/200 source='Edith Wharton' chars=1636
generated target='Martin Gutzwiller' sample=49/200 source='Anne Hathaway' chars=1754
generated target='Martin Gutzwiller' sample=50/200 source='LeBron James' chars=1538
generated target='Martin Gutzwiller' sample=51/200 source='John Howard' chars=1660
generated target='Martin Gutzwiller' sample=52/200 source='Wayne Gretzky' chars=1538
generated target='Martin Gutzwiller' sample=53/200 source='Pope Francis' chars=1653
generated target='Martin Gutzwiller' sample=54/200 source='Michael Jackson' chars=1755
generated target='Martin Gutzwiller' sample=55/200 source='John F. Kennedy' chars=1618
generated target='Martin Gutzwiller' sample=56/200 source='Cate Blanchett' chars=1599
generated target='Martin Gutzwiller' sample=57/200 source='Muhammad Ali' chars=1764
generated target='Martin Gutzwiller' sample=58/200 source='Jennifer Lawrence' chars=1514
generated target='Martin Gutzwiller' sample=59/200 source='Sergey Brin' chars=1709
generated target='Martin Gutzwiller' sample=60/200 source='Henry VIII' chars=1548
generated target='Martin Gutzwiller' sample=61/200 source='Zinedine Zidane' chars=1531
generated target='Martin Gutzwiller' sample=62/200 source='James Dyson' chars=1703
generated target='Martin Gutzwiller' sample=63/200 source='Emma Watson' chars=1478
generated target='Martin Gutzwiller' sample=64/200 source='Johnny Depp' chars=1779
generated target='Martin Gutzwiller' sample=65/200 source='Robin Williams' chars=1681
generated target='Martin Gutzwiller' sample=66/200 source='Barack Obama' chars=1656
generated target='Martin Gutzwiller' sample=67/200 source='Lewis Hamilton' chars=1873
generated target='Martin Gutzwiller' sample=68/200 source='Robert De Niro' chars=1518
generated target='Martin Gutzwiller' sample=69/200 source='Kim Kardashian' chars=1611
generated target='Martin Gutzwiller' sample=70/200 source='David Attenborough' chars=1737
generated target='Martin Gutzwiller' sample=71/200 source='Eminem' chars=1510
generated target='Martin Gutzwiller' sample=72/200 source='Mark Wahlberg' chars=1550
generated target='Martin Gutzwiller' sample=73/200 source='Bill Gates' chars=1734
generated target='Martin Gutzwiller' sample=74/200 source='Sachin Tendulkar' chars=1474
generated target='Martin Gutzwiller' sample=75/200 source='Kevin Systrom' chars=1279
generated target='Martin Gutzwiller' sample=76/200 source='Zaha Hadid' chars=1681
generated target='Martin Gutzwiller' sample=77/200 source='Phil Knight' chars=1774
generated target='Martin Gutzwiller' sample=78/200 source='Morgan Freeman' chars=1698
generated target='Martin Gutzwiller' sample=79/200 source='Charles III' chars=1572
generated target='Martin Gutzwiller' sample=80/200 source='Michael Schumacher' chars=1510
generated target='Martin Gutzwiller' sample=81/200 source='Elvis Presley' chars=1611
generated target='Martin Gutzwiller' sample=82/200 source='Ted Bundy' chars=1599
generated target='Martin Gutzwiller' sample=83/200 source='Evo Morales' chars=1596
generated target='Martin Gutzwiller' sample=84/200 source='James Watson' chars=1693
generated target='Martin Gutzwiller' sample=85/200 source='Magic Johnson' chars=1643
generated target='Martin Gutzwiller' sample=86/200 source='Nicki Minaj' chars=1535
generated target='Martin Gutzwiller' sample=87/200 source='Dian Fossey' chars=1755
generated target='Martin Gutzwiller' sample=88/200 source='Richard Branson' chars=1715
generated target='Martin Gutzwiller' sample=89/200 source='Margaret Mead' chars=1764
generated target='Martin Gutzwiller' sample=90/200 source='Thabo Mbeki' chars=1679
generated target='Martin Gutzwiller' sample=91/200 source='Frida Kahlo' chars=1606
generated target='Martin Gutzwiller' sample=92/200 source='Indira Gandhi' chars=1764
generated target='Martin Gutzwiller' sample=93/200 source='Sylvia Mathews Burwell' chars=1350
generated target='Martin Gutzwiller' sample=94/200 source='Alexis de Tocqueville' chars=1674
generated target='Martin Gutzwiller' sample=95/200 source='Freddie Mercury' chars=1472
generated target='Martin Gutzwiller' sample=96/200 source='Katy Perry' chars=1692
generated target='Martin Gutzwiller' sample=97/200 source='George W. Bush' chars=1689
generated target='Martin Gutzwiller' sample=98/200 source='Helmut Kohl' chars=1622
generated target='Martin Gutzwiller' sample=99/200 source='Nadia Comaneci' chars=1503
generated target='Martin Gutzwiller' sample=100/200 source='Greg LeMond' chars=1715
generated target='Martin Gutzwiller' sample=101/200 source='Blaise Pascal' chars=1629
generated target='Martin Gutzwiller' sample=102/200 source='Yasser Arafat' chars=1416
generated target='Martin Gutzwiller' sample=103/200 source='Rachel Carson' chars=1943
generated target='Martin Gutzwiller' sample=104/200 source='Isaac Asimov' chars=1499
generated target='Martin Gutzwiller' sample=105/200 source='Kobe Bryant' chars=1261
generated target='Martin Gutzwiller' sample=106/200 source='Jerry Rice' chars=1602
generated target='Martin Gutzwiller' sample=107/200 source='Jennifer Lopez' chars=1531
generated target='Martin Gutzwiller' sample=108/200 source='Leonardo DiCaprio' chars=1415
generated target='Martin Gutzwiller' sample=109/200 source='Ralph Lauren' chars=1630
generated target='Martin Gutzwiller' sample=110/200 source='Diego Maradona' chars=1632
generated target='Martin Gutzwiller' sample=111/200 source='Marta Vieira da Silva' chars=1409
generated target='Martin Gutzwiller' sample=112/200 source='Audrey Hepburn' chars=1500
generated target='Martin Gutzwiller' sample=113/200 source='Prince (musician)' chars=1496
generated target='Martin Gutzwiller' sample=114/200 source='Arnold Schwarzenegger' chars=1392
generated target='Martin Gutzwiller' sample=115/200 source='Princess Margaret, Countess of Snowdon' chars=1632
generated target='Martin Gutzwiller' sample=116/200 source='Carl Linnaeus' chars=1524
generated target='Martin Gutzwiller' sample=117/200 source='Elizabeth II' chars=1576
generated target='Martin Gutzwiller' sample=118/200 source='Miley Cyrus' chars=1424
generated target='Martin Gutzwiller' sample=119/200 source='David Bowie' chars=1521
generated target='Martin Gutzwiller' sample=120/200 source='Billie Eilish' chars=1513
generated target='Martin Gutzwiller' sample=121/200 source='Lali Espósito' chars=1334
generated target='Martin Gutzwiller' sample=122/200 source='Mia Hamm' chars=1579
generated target='Martin Gutzwiller' sample=123/200 source='Nikola Tesla' chars=1822
generated target='Martin Gutzwiller' sample=124/200 source='Larry Bird' chars=1615
generated target='Martin Gutzwiller' sample=125/200 source='Novak Djokovic' chars=1641
generated target='Martin Gutzwiller' sample=126/200 source='Kanye West' chars=1723
generated target='Martin Gutzwiller' sample=127/200 source='Ryan Reynolds' chars=1470
generated target='Martin Gutzwiller' sample=128/200 source='Beyoncé' chars=1698
generated target='Martin Gutzwiller' sample=129/200 source='Elon Musk' chars=1657
generated target='Martin Gutzwiller' sample=130/200 source='William Shakespeare' chars=1379
generated target='Martin Gutzwiller' sample=131/200 source='Plato' chars=1743
generated target='Martin Gutzwiller' sample=132/200 source='Immanuel Kant' chars=1730
generated target='Martin Gutzwiller' sample=133/200 source='Winston Churchill' chars=1503
generated target='Martin Gutzwiller' sample=134/200 source='W.E.B. Du Bois' chars=1592
generated target='Martin Gutzwiller' sample=135/200 source='Leonardo da Vinci' chars=1507
generated target='Martin Gutzwiller' sample=136/200 source='Jacinda Ardern' chars=1509
generated target='Martin Gutzwiller' sample=137/200 source='Cristiano Ronaldo' chars=1489
generated target='Martin Gutzwiller' sample=138/200 source='Steve Jobs' chars=1734
generated target='Martin Gutzwiller' sample=139/200 source='Scarlett Johansson' chars=1587
generated target='Martin Gutzwiller' sample=140/200 source='Shimon Peres' chars=1455
generated target='Martin Gutzwiller' sample=141/200 source='Ginni Rometty' chars=1725
generated target='Martin Gutzwiller' sample=142/200 source='Albert Einstein' chars=1696
generated target='Martin Gutzwiller' sample=143/200 source='Ariana Grande' chars=1274
generated target='Martin Gutzwiller' sample=144/200 source='Zlatan Ibrahimovic' chars=1755
generated target='Martin Gutzwiller' sample=145/200 source='Roger Federer' chars=1700
generated target='Martin Gutzwiller' sample=146/200 source='Pablo Escobar' chars=1642
generated target='Martin Gutzwiller' sample=147/200 source='Kate Winslet' chars=1393
generated target='Martin Gutzwiller' sample=148/200 source='Meghan, Duchess of Sussex' chars=1472
generated target='Martin Gutzwiller' sample=149/200 source='Prince Philip, Duke of Edinburgh' chars=1530
generated target='Martin Gutzwiller' sample=150/200 source='Franklin D. Roosevelt' chars=1594
generated target='Martin Gutzwiller' sample=151/200 source='Indra Nooyi' chars=1544
generated target='Martin Gutzwiller' sample=152/200 source='Nelson Mandela' chars=1608
generated target='Martin Gutzwiller' sample=153/200 source='Dwayne Johnson' chars=1620
generated target='Martin Gutzwiller' sample=154/200 source='Galileo Galilei' chars=1613
generated target='Martin Gutzwiller' sample=155/200 source='Mahatma Gandhi' chars=1676
generated target='Martin Gutzwiller' sample=156/200 source='Lil Wayne' chars=1668
generated target='Martin Gutzwiller' sample=157/200 source='Will Smith' chars=1295
generated target='Martin Gutzwiller' sample=158/200 source='Alan Turing' chars=1609
generated target='Martin Gutzwiller' sample=159/200 source='Stephen Curry' chars=1442
generated target='Martin Gutzwiller' sample=160/200 source='Lionel Messi' chars=1596
generated target='Martin Gutzwiller' sample=161/200 source='John Lennon' chars=1544
generated target='Martin Gutzwiller' sample=162/200 source='Tom Cruise' chars=1653
generated target='Martin Gutzwiller' sample=163/200 source='David Cameron' chars=1688
generated target='Martin Gutzwiller' sample=164/200 source='Tony Blair' chars=1422
generated target='Martin Gutzwiller' sample=165/200 source='Andrew Carnegie' chars=1653
generated target='Martin Gutzwiller' sample=166/200 source='Cris Cyborg' chars=1777
generated target='Martin Gutzwiller' sample=167/200 source='Tom Hardy' chars=1668
generated target='Martin Gutzwiller' sample=168/200 source='Bob Dylan' chars=1459
generated target='Martin Gutzwiller' sample=169/200 source='Brad Pitt' chars=1574
generated target='Martin Gutzwiller' sample=170/200 source='Mila Kunis' chars=1469
generated target='Martin Gutzwiller' sample=171/200 source='Kamala Harris' chars=1565
generated target='Martin Gutzwiller' sample=172/200 source='Taylor Swift' chars=1495
generated target='Martin Gutzwiller' sample=173/200 source='Demi Lovato' chars=1545
generated target='Martin Gutzwiller' sample=174/200 source='Tupac Shakur' chars=1413
generated target='Martin Gutzwiller' sample=175/200 source='Bruce Lee' chars=1690
generated target='Martin Gutzwiller' sample=176/200 source='Fidel Castro' chars=1600
generated target='Martin Gutzwiller' sample=177/200 source='Ronald Reagan' chars=1687
generated target='Martin Gutzwiller' sample=178/200 source='Russell Crowe' chars=1446
generated target='Martin Gutzwiller' sample=179/200 source='Charles de Gaulle' chars=1622
generated target='Martin Gutzwiller' sample=180/200 source='Rupert Murdoch' chars=1701
generated target='Martin Gutzwiller' sample=181/200 source='Stephen Hawking' chars=1582
generated target='Martin Gutzwiller' sample=182/200 source='Clint Eastwood' chars=1439
generated target='Martin Gutzwiller' sample=183/200 source='Justin Bieber' chars=1478
generated target='Martin Gutzwiller' sample=184/200 source='Tom Brady' chars=1303
generated target='Martin Gutzwiller' sample=185/200 source='Euclid' chars=1795
generated target='Martin Gutzwiller' sample=186/200 source='Donald Trump' chars=1496
generated target='Martin Gutzwiller' sample=187/200 source='Thomas Edison' chars=1748
generated target='Martin Gutzwiller' sample=188/200 source='Marilyn Monroe' chars=1417
generated target='Martin Gutzwiller' sample=189/200 source='George Washington' chars=1674
generated target='Martin Gutzwiller' sample=190/200 source='Mike Tyson' chars=1665
generated target='Martin Gutzwiller' sample=191/200 source='Lise Meitner' chars=1665
generated target='Martin Gutzwiller' sample=192/200 source='Kylian Mbappe' chars=1457
generated target='Martin Gutzwiller' sample=193/200 source='Adolf Hitler' chars=1681
generated target='Martin Gutzwiller' sample=194/200 source='Joe Biden' chars=1686
generated target='Martin Gutzwiller' sample=195/200 source='Jennifer Aniston' chars=1479
generated target='Martin Gutzwiller' sample=196/200 source='Adele' chars=1620
resume target='Dany Robin' already complete: 200/200
resume target='Martin Gutzwiller' start=196/200
generated target='Martin Gutzwiller' sample=197/200 source='Nancy Pelosi' chars=1652
generated target='Martin Gutzwiller' sample=198/200 source='Charles Manson' chars=1701
generated target='Martin Gutzwiller' sample=199/200 source='Mukesh Ambani' chars=1772
generated target='Martin Gutzwiller' sample=200/200 source='Jay-Z' chars=1481
