resume target='Michaela Dorfmeister' start=0/200
generated target='Michaela Dorfmeister' sample=1/200 source='Fidel Castro' chars=1750
generated target='Michaela Dorfmeister' sample=2/200 source='Debra Lee' chars=1504
generated target='Michaela Dorfmeister' sample=3/200 source='Diana, Princess of Wales' chars=1597
generated target='Michaela Dorfmeister' sample=4/200 source='Katy Perry' chars=1637
generated target='Michaela Dorfmeister' sample=5/200 source='Nicki Minaj' chars=1505
generated target='Michaela Dorfmeister' sample=6/200 source='Sylvester Stallone' chars=1645
generated target='Michaela Dorfmeister' sample=7/200 source='Pope Francis' chars=1632
generated target='Michaela Dorfmeister' sample=8/200 source='Bruce Lee' chars=1637
generated target='Michaela Dorfmeister' sample=9/200 source='Margaret Mead' chars=1775
generated target='Michaela Dorfmeister' sample=10/200 source='Charles III' chars=1506
generated target='Michaela Dorfmeister' sample=11/200 source='Ruth Bader Ginsburg' chars=1596
generated target='Michaela Dorfmeister' sample=12/200 source='Jay-Z' chars=1595
generated target='Michaela Dorfmeister' sample=13/200 source='Dwayne Johnson' chars=1739
generated target='Michaela Dorfmeister' sample=14/200 source='Blaise Pascal' chars=1692
generated target='Michaela Dorfmeister' sample=15/200 source='Michael Jordan' chars=1626
generated target='Michaela Dorfmeister' sample=16/200 source='Lionel Messi' chars=1531
generated target='Michaela Dorfmeister' sample=17/200 source='Phil Knight' chars=1736
generated target='Michaela Dorfmeister' sample=18/200 source='Silvio Berlusconi' chars=1575
generated target='Michaela Dorfmeister' sample=19/200 source='Princess Margaret, Countess of Snowdon' chars=1531
generated target='Michaela Dorfmeister' sample=20/200 source='Alan Turing' chars=1707
generated target='Michaela Dorfmeister' sample=21/200 source='Mila Kunis' chars=1343
generated target='Michaela Dorfmeister' sample=22/200 source='David Bowie' chars=1570
generated target='Michaela Dorfmeister' sample=23/200 source='Rupert Murdoch' chars=1461
generated target='Michaela Dorfmeister' sample=24/200 source='Ralph Lauren' chars=1677
generated target='Michaela Dorfmeister' sample=25/200 source='Jack Ma' chars=1687
generated target='Michaela Dorfmeister' sample=26/200 source='Ronald Reagan' chars=1682
generated target='Michaela Dorfmeister' sample=27/200 source='Stephen Curry' chars=1747
generated target='Michaela Dorfmeister' sample=28/200 source='Billie Eilish' chars=1703
generated target='Michaela Dorfmeister' sample=29/200 source='Lil Wayne' chars=1656
generated target='Michaela Dorfmeister' sample=30/200 source='Frida Kahlo' chars=1726
generated target='Michaela Dorfmeister' sample=31/200 source='Edith Wharton' chars=1614
generated target='Michaela Dorfmeister' sample=32/200 source='Zbigniew Brzezinski' chars=1677
generated target='Michaela Dorfmeister' sample=33/200 source='Miley Cyrus' chars=1491
generated target='Michaela Dorfmeister' sample=34/200 source='Charles de Gaulle' chars=1563
generated target='Michaela Dorfmeister' sample=35/200 source='Jennifer Lawrence' chars=1439
generated target='Michaela Dorfmeister' sample=36/200 source='Greg LeMond' chars=1572
generated target='Michaela Dorfmeister' sample=37/200 source='Abraham Lincoln' chars=1519
generated target='Michaela Dorfmeister' sample=38/200 source='Sylvia Mathews Burwell' chars=1620
generated target='Michaela Dorfmeister' sample=39/200 source='Anne Carson' chars=1728
generated target='Michaela Dorfmeister' sample=40/200 source='Meghan, Duchess of Sussex' chars=1512
generated target='Michaela Dorfmeister' sample=41/200 source='George W. Bush' chars=1512
generated target='Michaela Dorfmeister' sample=42/200 source='Mukesh Ambani' chars=1704
generated target='Michaela Dorfmeister' sample=43/200 source='Ted Bundy' chars=1712
generated target='Michaela Dorfmeister' sample=44/200 source='Tony Blair' chars=1762
generated target='Michaela Dorfmeister' sample=45/200 source='Bill Gates' chars=1834
generated target='Michaela Dorfmeister' sample=46/200 source='Indira Gandhi' chars=1769
generated target='Michaela Dorfmeister' sample=47/200 source='William Shakespeare' chars=1527
generated target='Michaela Dorfmeister' sample=48/200 source='Tom Hardy' chars=1733
generated target='Michaela Dorfmeister' sample=49/200 source='Kim Kardashian' chars=1351
generated target='Michaela Dorfmeister' sample=50/200 source='Alexis de Tocqueville' chars=1686
generated target='Michaela Dorfmeister' sample=51/200 source='Anna Wintour' chars=1714
generated target='Michaela Dorfmeister' sample=52/200 source='Mia Hamm' chars=1383
generated target='Michaela Dorfmeister' sample=53/200 source='Thomas Edison' chars=1879
generated target='Michaela Dorfmeister' sample=54/200 source='David Geffen' chars=1479
generated target='Michaela Dorfmeister' sample=55/200 source='Sergey Brin' chars=1756
generated target='Michaela Dorfmeister' sample=56/200 source='Lewis Hamilton' chars=1497
generated target='Michaela Dorfmeister' sample=57/200 source='Kevin Systrom' chars=1643
generated target='Michaela Dorfmeister' sample=58/200 source='Clint Eastwood' chars=1408
generated target='Michaela Dorfmeister' sample=59/200 source='Tupac Shakur' chars=1537
generated target='Michaela Dorfmeister' sample=60/200 source='Robert De Niro' chars=1612
generated target='Michaela Dorfmeister' sample=61/200 source='Cris Cyborg' chars=1509
generated target='Michaela Dorfmeister' sample=62/200 source='Amartya Sen' chars=1863
generated target='Michaela Dorfmeister' sample=63/200 source='Franklin D. Roosevelt' chars=1795
generated target='Michaela Dorfmeister' sample=64/200 source='Joe Biden' chars=1888
generated target='Michaela Dorfmeister' sample=65/200 source='Mahatma Gandhi' chars=1753
generated target='Michaela Dorfmeister' sample=66/200 source='Yasser Arafat' chars=1617
generated target='Michaela Dorfmeister' sample=67/200 source='Queen Victoria' chars=1613
generated target='Michaela Dorfmeister' sample=68/200 source='Russell Crowe' chars=1685
generated target='Michaela Dorfmeister' sample=69/200 source='Shimon Peres' chars=1552
generated target='Michaela Dorfmeister' sample=70/200 source='Novak Djokovic' chars=1629
generated target='Michaela Dorfmeister' sample=71/200 source='Plato' chars=1782
generated target='Michaela Dorfmeister' sample=72/200 source='Emma Watson' chars=1650
generated target='Michaela Dorfmeister' sample=73/200 source='Michael Jackson' chars=1491
generated target='Michaela Dorfmeister' sample=74/200 source='Paul Dirac' chars=1717
generated target='Michaela Dorfmeister' sample=75/200 source='John F. Kennedy' chars=1689
generated target='Michaela Dorfmeister' sample=76/200 source='Lady Gaga' chars=1610
generated target='Michaela Dorfmeister' sample=77/200 source='George VI' chars=1614
generated target='Michaela Dorfmeister' sample=78/200 source='David Cameron' chars=1631
generated target='Michaela Dorfmeister' sample=79/200 source='Leonardo DiCaprio' chars=1656
generated target='Michaela Dorfmeister' sample=80/200 source='Indra Nooyi' chars=1654
generated target='Michaela Dorfmeister' sample=81/200 source='Madonna' chars=1674
generated target='Michaela Dorfmeister' sample=82/200 source='Elizabeth II' chars=1598
generated target='Michaela Dorfmeister' sample=83/200 source='Freddie Mercury' chars=1483
generated target='Michaela Dorfmeister' sample=84/200 source='John Howard' chars=1822
generated target='Michaela Dorfmeister' sample=85/200 source='Carl Linnaeus' chars=1669
generated target='Michaela Dorfmeister' sample=86/200 source='Mike Tyson' chars=1826
generated target='Michaela Dorfmeister' sample=87/200 source='Kobe Bryant' chars=1382
generated target='Michaela Dorfmeister' sample=88/200 source='Bob Dylan' chars=1581
generated target='Michaela Dorfmeister' sample=89/200 source='Derek Jeter' chars=1513
generated target='Michaela Dorfmeister' sample=90/200 source='Zlatan Ibrahimovic' chars=1476
generated target='Michaela Dorfmeister' sample=91/200 source='Henry VIII' chars=1503
generated target='Michaela Dorfmeister' sample=92/200 source='Wayne Gretzky' chars=1400
generated target='Michaela Dorfmeister' sample=93/200 source='Audrey Hepburn' chars=1557
generated target='Michaela Dorfmeister' sample=94/200 source='Angelina Jolie' chars=1494
generated target='Michaela Dorfmeister' sample=95/200 source='George Washington' chars=1723
generated target='Michaela Dorfmeister' sample=96/200 source='Bob Marley' chars=1481
generated target='Michaela Dorfmeister' sample=97/200 source='Andrew Carnegie' chars=1736
generated target='Michaela Dorfmeister' sample=98/200 source='W.E.B. Du Bois' chars=1551
generated target='Michaela Dorfmeister' sample=99/200 source='Elon Musk' chars=1603
generated target='Michaela Dorfmeister' sample=100/200 source='Magic Johnson' chars=1762
generated target='Michaela Dorfmeister' sample=101/200 source='Zinedine Zidane' chars=1549
generated target='Michaela Dorfmeister' sample=102/200 source='Cristiano Ronaldo' chars=1697
generated target='Michaela Dorfmeister' sample=103/200 source='Brad Pitt' chars=1691
generated target='Michaela Dorfmeister' sample=104/200 source='Helmut Kohl' chars=1552
generated target='Michaela Dorfmeister' sample=105/200 source='Vladimir Putin' chars=1666
generated target='Michaela Dorfmeister' sample=106/200 source='Jean-Jacques Rousseau' chars=1675
generated target='Michaela Dorfmeister' sample=107/200 source='Roger Federer' chars=1518
generated target='Michaela Dorfmeister' sample=108/200 source='Eminem' chars=1649
generated target='Michaela Dorfmeister' sample=109/200 source='Rafael Nadal' chars=1576
generated target='Michaela Dorfmeister' sample=110/200 source='Taylor Swift' chars=1585
generated target='Michaela Dorfmeister' sample=111/200 source='Ginni Rometty' chars=1764
generated target='Michaela Dorfmeister' sample=112/200 source='James Dyson' chars=1767
generated target='Michaela Dorfmeister' sample=113/200 source='LeBron James' chars=1470
generated target='Michaela Dorfmeister' sample=114/200 source='Jerry Rice' chars=1343
generated target='Michaela Dorfmeister' sample=115/200 source='Will Smith' chars=1363
generated target='Michaela Dorfmeister' sample=116/200 source='Cate Blanchett' chars=1863
generated target='Michaela Dorfmeister' sample=117/200 source='Tom Hanks' chars=1586
generated target='Michaela Dorfmeister' sample=118/200 source='Nikola Tesla' chars=1715
generated target='Michaela Dorfmeister' sample=119/200 source='Marilyn Monroe' chars=1542
generated target='Michaela Dorfmeister' sample=120/200 source='Arnold Schwarzenegger' chars=1486
generated target='Michaela Dorfmeister' sample=121/200 source='Viola Davis' chars=1586
generated target='Michaela Dorfmeister' sample=122/200 source='Selena Gomez' chars=1720
generated target='Michaela Dorfmeister' sample=123/200 source='Jennifer Lopez' chars=1580
generated target='Michaela Dorfmeister' sample=124/200 source='Muhammad Ali' chars=1519
generated target='Michaela Dorfmeister' sample=125/200 source='Lise Meitner' chars=1704
generated target='Michaela Dorfmeister' sample=126/200 source='Golda Meir' chars=1657
generated target='Michaela Dorfmeister' sample=127/200 source='Denzel Washington' chars=1411
generated target='Michaela Dorfmeister' sample=128/200 source='Ken Griffey Jr.' chars=1384
generated target='Michaela Dorfmeister' sample=129/200 source='Morgan Freeman' chars=1715
generated target='Michaela Dorfmeister' sample=130/200 source='Mark Zuckerberg' chars=1701
generated target='Michaela Dorfmeister' sample=131/200 source='Barack Obama' chars=1689
generated target='Michaela Dorfmeister' sample=132/200 source='Winston Churchill' chars=1634
generated target='Michaela Dorfmeister' sample=133/200 source='Rachel Carson' chars=1790
generated target='Michaela Dorfmeister' sample=134/200 source='Jacinda Ardern' chars=1726
generated target='Michaela Dorfmeister' sample=135/200 source='Kate Winslet' chars=1101
generated target='Michaela Dorfmeister' sample=136/200 source='Heath Ledger' chars=1494
generated target='Michaela Dorfmeister' sample=137/200 source='Michael Schumacher' chars=1517
generated target='Michaela Dorfmeister' sample=138/200 source='Johnny Depp' chars=1727
generated target='Michaela Dorfmeister' sample=139/200 source='Pablo Escobar' chars=1487
generated target='Michaela Dorfmeister' sample=140/200 source='Isaac Asimov' chars=1610
generated target='Michaela Dorfmeister' sample=141/200 source='Sachin Tendulkar' chars=1475
generated target='Michaela Dorfmeister' sample=142/200 source='Immanuel Kant' chars=1808
generated target='Michaela Dorfmeister' sample=143/200 source='Donald Trump' chars=1743
generated target='Michaela Dorfmeister' sample=144/200 source='Sigmund Freud' chars=1681
generated target='Michaela Dorfmeister' sample=145/200 source='Dian Fossey' chars=1722
generated target='Michaela Dorfmeister' sample=146/200 source='Boris Johnson' chars=1633
generated target='Michaela Dorfmeister' sample=147/200 source='Nelson Mandela' chars=1621
generated target='Michaela Dorfmeister' sample=148/200 source='John Cena' chars=1687
generated target='Michaela Dorfmeister' sample=149/200 source='James Watson' chars=1834
generated target='Michaela Dorfmeister' sample=150/200 source='Walter Disney' chars=1655
generated target='Michaela Dorfmeister' sample=151/200 source='Kamala Harris' chars=1709
generated target='Michaela Dorfmeister' sample=152/200 source='Leonardo da Vinci' chars=1796
generated target='Michaela Dorfmeister' sample=153/200 source='Albert Einstein' chars=1660
generated target='Michaela Dorfmeister' sample=154/200 source='Richard Branson' chars=1729
generated target='Michaela Dorfmeister' sample=155/200 source='Jennifer Aniston' chars=1534
generated target='Michaela Dorfmeister' sample=156/200 source='Galileo Galilei' chars=1681
generated target='Michaela Dorfmeister' sample=157/200 source='Angela Davis' chars=1708
generated target='Michaela Dorfmeister' sample=158/200 source='Larry Bird' chars=1478
generated target='Michaela Dorfmeister' sample=159/200 source='Prince (musician)' chars=1521
generated target='Michaela Dorfmeister' sample=160/200 source='Ryan Reynolds' chars=1409
generated target='Michaela Dorfmeister' sample=161/200 source='Ariana Grande' chars=1569
generated target='Michaela Dorfmeister' sample=162/200 source='Megan Fox' chars=1655
generated target='Michaela Dorfmeister' sample=163/200 source='Bernard Arnault' chars=1491
generated target='Michaela Dorfmeister' sample=164/200 source='Sun Tzu' chars=1889
generated target='Michaela Dorfmeister' sample=165/200 source='Tom Cruise' chars=1640
generated target='Michaela Dorfmeister' sample=166/200 source='Justin Bieber' chars=1643
generated target='Michaela Dorfmeister' sample=167/200 source='Tom Brady' chars=1688
generated target='Michaela Dorfmeister' sample=168/200 source='Anne Hathaway' chars=1343
resume target='Michaela Dorfmeister' start=168/200
generated target='Michaela Dorfmeister' sample=169/200 source='Elvis Presley' chars=1487
generated target='Michaela Dorfmeister' sample=170/200 source='Prince Philip, Duke of Edinburgh' chars=1628
generated target='Michaela Dorfmeister' sample=171/200 source='Euclid' chars=1774
generated target='Michaela Dorfmeister' sample=172/200 source='Demi Lovato' chars=1561
generated target='Michaela Dorfmeister' sample=173/200 source='Rihanna' chars=1799
generated target='Michaela Dorfmeister' sample=174/200 source='Scarlett Johansson' chars=1431
generated target='Michaela Dorfmeister' sample=175/200 source='Oprah Winfrey' chars=1617
generated target='Michaela Dorfmeister' sample=176/200 source='Zaha Hadid' chars=1810
generated target='Michaela Dorfmeister' sample=177/200 source='Evo Morales' chars=1642
generated target='Michaela Dorfmeister' sample=178/200 source='Keanu Reeves' chars=1475
generated target='Michaela Dorfmeister' sample=179/200 source='Stephen Hawking' chars=1736
generated target='Michaela Dorfmeister' sample=180/200 source='Charles Manson' chars=1733
generated target='Michaela Dorfmeister' sample=181/200 source='John Lennon' chars=1662
generated target='Michaela Dorfmeister' sample=182/200 source='Robin Williams' chars=1682
generated target='Michaela Dorfmeister' sample=183/200 source='Diego Maradona' chars=1621
generated target='Michaela Dorfmeister' sample=184/200 source='Steve Jobs' chars=1643
generated target='Michaela Dorfmeister' sample=185/200 source='Nadia Comaneci' chars=1353
generated target='Michaela Dorfmeister' sample=186/200 source='Nancy Pelosi' chars=1673
generated target='Michaela Dorfmeister' sample=187/200 source='Angela Merkel' chars=1745
generated target='Michaela Dorfmeister' sample=188/200 source='Kanye West' chars=1620
generated target='Michaela Dorfmeister' sample=189/200 source='Lali Espósito' chars=1279
generated target='Michaela Dorfmeister' sample=190/200 source='Beyoncé' chars=1579
generated target='Michaela Dorfmeister' sample=191/200 source='Marta Vieira da Silva' chars=1504
generated target='Michaela Dorfmeister' sample=192/200 source='Adele' chars=1637
generated target='Michaela Dorfmeister' sample=193/200 source='Meryl Streep' chars=1262
generated target='Michaela Dorfmeister' sample=194/200 source='Adolf Hitler' chars=1676
generated target='Michaela Dorfmeister' sample=195/200 source='Britney Spears' chars=1294
generated target='Michaela Dorfmeister' sample=196/200 source='Mark Wahlberg' chars=1512
generated target='Michaela Dorfmeister' sample=197/200 source='David Attenborough' chars=1728
generated target='Michaela Dorfmeister' sample=198/200 source='Martina Navratilova' chars=1587
generated target='Michaela Dorfmeister' sample=199/200 source='Kylian Mbappe' chars=1484
generated target='Michaela Dorfmeister' sample=200/200 source='Thabo Mbeki' chars=1384
resume target='Leo Slezak' start=0/200
generated target='Leo Slezak' sample=1/200 source='Mukesh Ambani' chars=1629
generated target='Leo Slezak' sample=2/200 source='Keanu Reeves' chars=1538
generated target='Leo Slezak' sample=3/200 source='Audrey Hepburn' chars=1473
generated target='Leo Slezak' sample=4/200 source='Fidel Castro' chars=1538
generated target='Leo Slezak' sample=5/200 source='Kamala Harris' chars=1744
generated target='Leo Slezak' sample=6/200 source='Muhammad Ali' chars=1661
generated target='Leo Slezak' sample=7/200 source='Sun Tzu' chars=1857
generated target='Leo Slezak' sample=8/200 source='Nancy Pelosi' chars=1572
generated target='Leo Slezak' sample=9/200 source='Robin Williams' chars=1562
generated target='Leo Slezak' sample=10/200 source='Sachin Tendulkar' chars=1535
generated target='Leo Slezak' sample=11/200 source='Steve Jobs' chars=1529
generated target='Leo Slezak' sample=12/200 source='Shimon Peres' chars=1496
generated target='Leo Slezak' sample=13/200 source='Diana, Princess of Wales' chars=1430
generated target='Leo Slezak' sample=14/200 source='Angela Davis' chars=1669
generated target='Leo Slezak' sample=15/200 source='Bernard Arnault' chars=1575
generated target='Leo Slezak' sample=16/200 source='Phil Knight' chars=1731
generated target='Leo Slezak' sample=17/200 source='Kylian Mbappe' chars=1285
generated target='Leo Slezak' sample=18/200 source='Andrew Carnegie' chars=1663
generated target='Leo Slezak' sample=19/200 source='Kim Kardashian' chars=1443
generated target='Leo Slezak' sample=20/200 source='Tupac Shakur' chars=1405
generated target='Leo Slezak' sample=21/200 source='Bob Marley' chars=1438
generated target='Leo Slezak' sample=22/200 source='Emma Watson' chars=1635
generated target='Leo Slezak' sample=23/200 source='W.E.B. Du Bois' chars=1623
generated target='Leo Slezak' sample=24/200 source='Beyoncé' chars=1516
generated target='Leo Slezak' sample=25/200 source='Rupert Murdoch' chars=1570
generated target='Leo Slezak' sample=26/200 source='Britney Spears' chars=1667
generated target='Leo Slezak' sample=27/200 source='Tony Blair' chars=1697
generated target='Leo Slezak' sample=28/200 source='Kate Winslet' chars=1269
generated target='Leo Slezak' sample=29/200 source='Mark Zuckerberg' chars=1668
generated target='Leo Slezak' sample=30/200 source='Isaac Asimov' chars=1408
generated target='Leo Slezak' sample=31/200 source='Stephen Hawking' chars=1579
generated target='Leo Slezak' sample=32/200 source='Donald Trump' chars=1765
generated target='Leo Slezak' sample=33/200 source='Katy Perry' chars=1584
generated target='Leo Slezak' sample=34/200 source='Jay-Z' chars=1570
generated target='Leo Slezak' sample=35/200 source='Freddie Mercury' chars=1613
generated target='Leo Slezak' sample=36/200 source='Justin Bieber' chars=1647
generated target='Leo Slezak' sample=37/200 source='John Cena' chars=1520
generated target='Leo Slezak' sample=38/200 source='Kevin Systrom' chars=1589
generated target='Leo Slezak' sample=39/200 source='Dian Fossey' chars=1548
generated target='Leo Slezak' sample=40/200 source='Elvis Presley' chars=1476
generated target='Leo Slezak' sample=41/200 source='Lewis Hamilton' chars=1602
generated target='Leo Slezak' sample=42/200 source='George VI' chars=1542
generated target='Leo Slezak' sample=43/200 source='Ruth Bader Ginsburg' chars=1493
generated target='Leo Slezak' sample=44/200 source='Ken Griffey Jr.' chars=1431
generated target='Leo Slezak' sample=45/200 source='Frida Kahlo' chars=1676
generated target='Leo Slezak' sample=46/200 source='James Dyson' chars=1719
generated target='Leo Slezak' sample=47/200 source='Meryl Streep' chars=1560
generated target='Leo Slezak' sample=48/200 source='Diego Maradona' chars=1666
generated target='Leo Slezak' sample=49/200 source='Vladimir Putin' chars=1680
generated target='Leo Slezak' sample=50/200 source='Tom Brady' chars=1114
generated target='Leo Slezak' sample=51/200 source='Denzel Washington' chars=1543
generated target='Leo Slezak' sample=52/200 source='George Washington' chars=1626
generated target='Leo Slezak' sample=53/200 source='Lil Wayne' chars=1593
generated target='Leo Slezak' sample=54/200 source='Debra Lee' chars=1261
generated target='Leo Slezak' sample=55/200 source='Magic Johnson' chars=1482
generated target='Leo Slezak' sample=56/200 source='Anne Hathaway' chars=1339
generated target='Leo Slezak' sample=57/200 source='Billie Eilish' chars=1649
generated target='Leo Slezak' sample=58/200 source='Zbigniew Brzezinski' chars=1574
generated target='Leo Slezak' sample=59/200 source='Mila Kunis' chars=1322
generated target='Leo Slezak' sample=60/200 source='Angela Merkel' chars=1708
generated target='Leo Slezak' sample=61/200 source='Brad Pitt' chars=1509
generated target='Leo Slezak' sample=62/200 source='Marta Vieira da Silva' chars=1434
generated target='Leo Slezak' sample=63/200 source='Mark Wahlberg' chars=1460
generated target='Leo Slezak' sample=64/200 source='Ryan Reynolds' chars=1519
generated target='Leo Slezak' sample=65/200 source='Sylvester Stallone' chars=1600
generated target='Leo Slezak' sample=66/200 source='Richard Branson' chars=1758
generated target='Leo Slezak' sample=67/200 source='Winston Churchill' chars=1559
generated target='Leo Slezak' sample=68/200 source='Ginni Rometty' chars=1705
generated target='Leo Slezak' sample=69/200 source='John F. Kennedy' chars=1502
generated target='Leo Slezak' sample=70/200 source='Queen Victoria' chars=1620
generated target='Leo Slezak' sample=71/200 source='Russell Crowe' chars=1579
generated target='Leo Slezak' sample=72/200 source='Silvio Berlusconi' chars=1611
generated target='Leo Slezak' sample=73/200 source='Marilyn Monroe' chars=1480
generated target='Leo Slezak' sample=74/200 source='Mike Tyson' chars=1540
generated target='Leo Slezak' sample=75/200 source='Lise Meitner' chars=1604
generated target='Leo Slezak' sample=76/200 source='Paul Dirac' chars=1667
generated target='Leo Slezak' sample=77/200 source='Anna Wintour' chars=1585
generated target='Leo Slezak' sample=78/200 source='Lady Gaga' chars=1573
generated target='Leo Slezak' sample=79/200 source='Leonardo da Vinci' chars=1622
generated target='Leo Slezak' sample=80/200 source='Pablo Escobar' chars=1482
generated target='Leo Slezak' sample=81/200 source='Walter Disney' chars=1601
generated target='Leo Slezak' sample=82/200 source='George W. Bush' chars=1547
generated target='Leo Slezak' sample=83/200 source='Eminem' chars=1650
generated target='Leo Slezak' sample=84/200 source='Rihanna' chars=1542
generated target='Leo Slezak' sample=85/200 source='Jennifer Aniston' chars=1469
generated target='Leo Slezak' sample=86/200 source='Indra Nooyi' chars=1581
generated target='Leo Slezak' sample=87/200 source='Alexis de Tocqueville' chars=1643
generated target='Leo Slezak' sample=88/200 source='Euclid' chars=1791
generated target='Leo Slezak' sample=89/200 source='Jennifer Lawrence' chars=1470
generated target='Leo Slezak' sample=90/200 source='Novak Djokovic' chars=1538
generated target='Leo Slezak' sample=91/200 source='Leonardo DiCaprio' chars=1384
generated target='Leo Slezak' sample=92/200 source='David Attenborough' chars=1681
generated target='Leo Slezak' sample=93/200 source='John Lennon' chars=1592
generated target='Leo Slezak' sample=94/200 source='Oprah Winfrey' chars=1652
generated target='Leo Slezak' sample=95/200 source='Rachel Carson' chars=1758
generated target='Leo Slezak' sample=96/200 source='Tom Hardy' chars=1571
generated target='Leo Slezak' sample=97/200 source='Helmut Kohl' chars=1564
generated target='Leo Slezak' sample=98/200 source='Golda Meir' chars=1604
generated target='Leo Slezak' sample=99/200 source='Margaret Mead' chars=1714
generated target='Leo Slezak' sample=100/200 source='Indira Gandhi' chars=1622
generated target='Leo Slezak' sample=101/200 source='Selena Gomez' chars=1499
generated target='Leo Slezak' sample=102/200 source='Yasser Arafat' chars=1589
generated target='Leo Slezak' sample=103/200 source='Clint Eastwood' chars=1436
generated target='Leo Slezak' sample=104/200 source='Carl Linnaeus' chars=1514
generated target='Leo Slezak' sample=105/200 source='Prince (musician)' chars=1587
generated target='Leo Slezak' sample=106/200 source='Heath Ledger' chars=1287
generated target='Leo Slezak' sample=107/200 source='Jacinda Ardern' chars=1711
generated target='Leo Slezak' sample=108/200 source='Abraham Lincoln' chars=1591
generated target='Leo Slezak' sample=109/200 source='Elizabeth II' chars=1533
generated target='Leo Slezak' sample=110/200 source='Galileo Galilei' chars=1506
generated target='Leo Slezak' sample=111/200 source='Charles Manson' chars=1686
generated target='Leo Slezak' sample=112/200 source='Elon Musk' chars=1820
generated target='Leo Slezak' sample=113/200 source='Tom Hanks' chars=1591
generated target='Leo Slezak' sample=114/200 source='Blaise Pascal' chars=1662
generated target='Leo Slezak' sample=115/200 source='Thomas Edison' chars=1796
generated target='Leo Slezak' sample=116/200 source='Scarlett Johansson' chars=1496
generated target='Leo Slezak' sample=117/200 source='Kobe Bryant' chars=1705
generated target='Leo Slezak' sample=118/200 source='Derek Jeter' chars=1536
generated target='Leo Slezak' sample=119/200 source='Mahatma Gandhi' chars=1696
generated target='Leo Slezak' sample=120/200 source='Adolf Hitler' chars=1543
generated target='Leo Slezak' sample=121/200 source='Jennifer Lopez' chars=1432
generated target='Leo Slezak' sample=122/200 source='Robert De Niro' chars=1365
generated target='Leo Slezak' sample=123/200 source='Mia Hamm' chars=1492
generated target='Leo Slezak' sample=124/200 source='Immanuel Kant' chars=1583
generated target='Leo Slezak' sample=125/200 source='Adele' chars=1115
generated target='Leo Slezak' sample=126/200 source='Meghan, Duchess of Sussex' chars=1418
generated target='Leo Slezak' sample=127/200 source='Pope Francis' chars=1610
generated target='Leo Slezak' sample=128/200 source='Princess Margaret, Countess of Snowdon' chars=1476
generated target='Leo Slezak' sample=129/200 source='Will Smith' chars=1636
generated target='Leo Slezak' sample=130/200 source='David Cameron' chars=1391
generated target='Leo Slezak' sample=131/200 source='Cate Blanchett' chars=1785
generated target='Leo Slezak' sample=132/200 source='William Shakespeare' chars=1566
generated target='Leo Slezak' sample=133/200 source='Boris Johnson' chars=1581
generated target='Leo Slezak' sample=134/200 source='Nicki Minaj' chars=1589
generated target='Leo Slezak' sample=135/200 source='David Bowie' chars=1534
generated target='Leo Slezak' sample=136/200 source='Ronald Reagan' chars=1608
generated target='Leo Slezak' sample=137/200 source='Angelina Jolie' chars=1525
generated target='Leo Slezak' sample=138/200 source='Edith Wharton' chars=1531
generated target='Leo Slezak' sample=139/200 source='Megan Fox' chars=1564
generated target='Leo Slezak' sample=140/200 source='Arnold Schwarzenegger' chars=1150
generated target='Leo Slezak' sample=141/200 source='Bruce Lee' chars=1559
generated target='Leo Slezak' sample=142/200 source='Nelson Mandela' chars=1634
generated target='Leo Slezak' sample=143/200 source='James Watson' chars=1785
generated target='Leo Slezak' sample=144/200 source='Rafael Nadal' chars=1569
resume target='Michaela Dorfmeister' already complete: 200/200
resume target='Leo Slezak' start=144/200
generated target='Leo Slezak' sample=145/200 source='Anne Carson' chars=1579
generated target='Leo Slezak' sample=146/200 source='Dwayne Johnson' chars=1586
generated target='Leo Slezak' sample=147/200 source='Ariana Grande' chars=1549
generated target='Leo Slezak' sample=148/200 source='LeBron James' chars=1547
generated target='Leo Slezak' sample=149/200 source='Martina Navratilova' chars=1491
generated target='Leo Slezak' sample=150/200 source='Demi Lovato' chars=1399
generated target='Leo Slezak' sample=151/200 source='Zlatan Ibrahimovic' chars=1493
generated target='Leo Slezak' sample=152/200 source='Jerry Rice' chars=1528
generated target='Leo Slezak' sample=153/200 source='Charles III' chars=1595
generated target='Leo Slezak' sample=154/200 source='Nadia Comaneci' chars=1558
generated target='Leo Slezak' sample=155/200 source='Miley Cyrus' chars=1540
generated target='Leo Slezak' sample=156/200 source='Albert Einstein' chars=1709
generated target='Leo Slezak' sample=157/200 source='Jack Ma' chars=1757
generated target='Leo Slezak' sample=158/200 source='Charles de Gaulle' chars=1627
generated target='Leo Slezak' sample=159/200 source='Michael Jackson' chars=1478
generated target='Leo Slezak' sample=160/200 source='Roger Federer' chars=1554
generated target='Leo Slezak' sample=161/200 source='Plato' chars=1691
generated target='Leo Slezak' sample=162/200 source='Ralph Lauren' chars=1718
generated target='Leo Slezak' sample=163/200 source='Nikola Tesla' chars=1764
generated target='Leo Slezak' sample=164/200 source='Sylvia Mathews Burwell' chars=1684
generated target='Leo Slezak' sample=165/200 source='Henry VIII' chars=1509
generated target='Leo Slezak' sample=166/200 source='David Geffen' chars=1560
generated target='Leo Slezak' sample=167/200 source='John Howard' chars=1631
generated target='Leo Slezak' sample=168/200 source='Lali Espósito' chars=1081
generated target='Leo Slezak' sample=169/200 source='Prince Philip, Duke of Edinburgh' chars=1514
generated target='Leo Slezak' sample=170/200 source='Sigmund Freud' chars=1580
generated target='Leo Slezak' sample=171/200 source='Morgan Freeman' chars=1661
generated target='Leo Slezak' sample=172/200 source='Wayne Gretzky' chars=1648
generated target='Leo Slezak' sample=173/200 source='Kanye West' chars=1607
generated target='Leo Slezak' sample=174/200 source='Alan Turing' chars=1751
generated target='Leo Slezak' sample=175/200 source='Bob Dylan' chars=1492
generated target='Leo Slezak' sample=176/200 source='Ted Bundy' chars=1723
generated target='Leo Slezak' sample=177/200 source='Jean-Jacques Rousseau' chars=1689
generated target='Leo Slezak' sample=178/200 source='Cris Cyborg' chars=1627
generated target='Leo Slezak' sample=179/200 source='Stephen Curry' chars=1659
generated target='Leo Slezak' sample=180/200 source='Zaha Hadid' chars=1720
generated target='Leo Slezak' sample=181/200 source='Lionel Messi' chars=1660
generated target='Leo Slezak' sample=182/200 source='Amartya Sen' chars=1815
generated target='Leo Slezak' sample=183/200 source='Greg LeMond' chars=1688
generated target='Leo Slezak' sample=184/200 source='Taylor Swift' chars=1593
generated target='Leo Slezak' sample=185/200 source='Johnny Depp' chars=1711
generated target='Leo Slezak' sample=186/200 source='Thabo Mbeki' chars=1587
generated target='Leo Slezak' sample=187/200 source='Joe Biden' chars=1601
generated target='Leo Slezak' sample=188/200 source='Barack Obama' chars=1640
generated target='Leo Slezak' sample=189/200 source='Larry Bird' chars=1447
generated target='Leo Slezak' sample=190/200 source='Bill Gates' chars=1690
generated target='Leo Slezak' sample=191/200 source='Franklin D. Roosevelt' chars=1680
generated target='Leo Slezak' sample=192/200 source='Evo Morales' chars=1652
generated target='Leo Slezak' sample=193/200 source='Viola Davis' chars=1727
generated target='Leo Slezak' sample=194/200 source='Sergey Brin' chars=1599
generated target='Leo Slezak' sample=195/200 source='Cristiano Ronaldo' chars=1496
generated target='Leo Slezak' sample=196/200 source='Michael Jordan' chars=1456
generated target='Leo Slezak' sample=197/200 source='Tom Cruise' chars=1294
generated target='Leo Slezak' sample=198/200 source='Michael Schumacher' chars=1700
generated target='Leo Slezak' sample=199/200 source='Zinedine Zidane' chars=1612
generated target='Leo Slezak' sample=200/200 source='Madonna' chars=1510
