resume target='Benedetto Varchi' start=0/200
generated target='Benedetto Varchi' sample=1/200 source='William Shakespeare' chars=1700
generated target='Benedetto Varchi' sample=2/200 source='Bob Dylan' chars=1575
generated target='Benedetto Varchi' sample=3/200 source='Lil Wayne' chars=1640
generated target='Benedetto Varchi' sample=4/200 source='Lali Espósito' chars=1316
generated target='Benedetto Varchi' sample=5/200 source='Mark Zuckerberg' chars=1599
generated target='Benedetto Varchi' sample=6/200 source='Edith Wharton' chars=1465
generated target='Benedetto Varchi' sample=7/200 source='Marilyn Monroe' chars=1491
generated target='Benedetto Varchi' sample=8/200 source='Michael Schumacher' chars=1496
generated target='Benedetto Varchi' sample=9/200 source='Viola Davis' chars=1384
generated target='Benedetto Varchi' sample=10/200 source='Heath Ledger' chars=1469
generated target='Benedetto Varchi' sample=11/200 source='Tom Hanks' chars=1471
generated target='Benedetto Varchi' sample=12/200 source='Donald Trump' chars=1629
generated target='Benedetto Varchi' sample=13/200 source='Jean-Jacques Rousseau' chars=1646
generated target='Benedetto Varchi' sample=14/200 source='George VI' chars=1629
generated target='Benedetto Varchi' sample=15/200 source='John Lennon' chars=1592
generated target='Benedetto Varchi' sample=16/200 source='Paul Dirac' chars=1654
generated target='Benedetto Varchi' sample=17/200 source='Bob Marley' chars=1417
generated target='Benedetto Varchi' sample=18/200 source='Prince Philip, Duke of Edinburgh' chars=1490
generated target='Benedetto Varchi' sample=19/200 source='Adolf Hitler' chars=1623
generated target='Benedetto Varchi' sample=20/200 source='Henry VIII' chars=1718
generated target='Benedetto Varchi' sample=21/200 source='Martina Navratilova' chars=1466
generated target='Benedetto Varchi' sample=22/200 source='Walter Disney' chars=1580
generated target='Benedetto Varchi' sample=23/200 source='Elizabeth II' chars=1481
generated target='Benedetto Varchi' sample=24/200 source='Sigmund Freud' chars=1664
generated target='Benedetto Varchi' sample=25/200 source='George W. Bush' chars=1699
generated target='Benedetto Varchi' sample=26/200 source='Ryan Reynolds' chars=1610
generated target='Benedetto Varchi' sample=27/200 source='Princess Margaret, Countess of Snowdon' chars=1583
generated target='Benedetto Varchi' sample=28/200 source='Wayne Gretzky' chars=1430
generated target='Benedetto Varchi' sample=29/200 source='Sylvia Mathews Burwell' chars=1707
generated target='Benedetto Varchi' sample=30/200 source='George Washington' chars=1697
generated target='Benedetto Varchi' sample=31/200 source='Indra Nooyi' chars=1637
generated target='Benedetto Varchi' sample=32/200 source='Mahatma Gandhi' chars=1707
generated target='Benedetto Varchi' sample=33/200 source='Andrew Carnegie' chars=1664
generated target='Benedetto Varchi' sample=34/200 source='Mila Kunis' chars=1586
generated target='Benedetto Varchi' sample=35/200 source='Debra Lee' chars=1236
generated target='Benedetto Varchi' sample=36/200 source='Golda Meir' chars=1635
generated target='Benedetto Varchi' sample=37/200 source='Jennifer Aniston' chars=1571
generated target='Benedetto Varchi' sample=38/200 source='Mia Hamm' chars=1689
generated target='Benedetto Varchi' sample=39/200 source='Ken Griffey Jr.' chars=1464
generated target='Benedetto Varchi' sample=40/200 source='Leonardo DiCaprio' chars=1438
generated target='Benedetto Varchi' sample=41/200 source='Katy Perry' chars=1620
generated target='Benedetto Varchi' sample=42/200 source='Amartya Sen' chars=1761
generated target='Benedetto Varchi' sample=43/200 source='Kamala Harris' chars=1845
generated target='Benedetto Varchi' sample=44/200 source='Robin Williams' chars=1509
generated target='Benedetto Varchi' sample=45/200 source='Megan Fox' chars=1617
generated target='Benedetto Varchi' sample=46/200 source='Ariana Grande' chars=1391
generated target='Benedetto Varchi' sample=47/200 source='Denzel Washington' chars=1545
generated target='Benedetto Varchi' sample=48/200 source='Bernard Arnault' chars=1384
generated target='Benedetto Varchi' sample=49/200 source='Brad Pitt' chars=1476
generated target='Benedetto Varchi' sample=50/200 source='Justin Bieber' chars=1623
generated target='Benedetto Varchi' sample=51/200 source='Bruce Lee' chars=1508
generated target='Benedetto Varchi' sample=52/200 source='Lionel Messi' chars=1628
generated target='Benedetto Varchi' sample=53/200 source='Steve Jobs' chars=1741
generated target='Benedetto Varchi' sample=54/200 source='Queen Victoria' chars=1667
generated target='Benedetto Varchi' sample=55/200 source='Cris Cyborg' chars=1666
generated target='Benedetto Varchi' sample=56/200 source='Boris Johnson' chars=1644
generated target='Benedetto Varchi' sample=57/200 source='Rachel Carson' chars=1585
generated target='Benedetto Varchi' sample=58/200 source='Dian Fossey' chars=1637
generated target='Benedetto Varchi' sample=59/200 source='Nancy Pelosi' chars=1512
generated target='Benedetto Varchi' sample=60/200 source='Charles Manson' chars=1597
generated target='Benedetto Varchi' sample=61/200 source='Zbigniew Brzezinski' chars=1603
generated target='Benedetto Varchi' sample=62/200 source='Immanuel Kant' chars=1686
generated target='Benedetto Varchi' sample=63/200 source='Evo Morales' chars=1676
generated target='Benedetto Varchi' sample=64/200 source='Bill Gates' chars=1744
generated target='Benedetto Varchi' sample=65/200 source='Tom Brady' chars=1658
generated target='Benedetto Varchi' sample=66/200 source='Angela Merkel' chars=1643
generated target='Benedetto Varchi' sample=67/200 source='Tom Cruise' chars=1493
generated target='Benedetto Varchi' sample=68/200 source='Cate Blanchett' chars=1714
generated target='Benedetto Varchi' sample=69/200 source='Ruth Bader Ginsburg' chars=1691
generated target='Benedetto Varchi' sample=70/200 source='Sylvester Stallone' chars=1588
generated target='Benedetto Varchi' sample=71/200 source='Nelson Mandela' chars=1772
generated target='Benedetto Varchi' sample=72/200 source='Sergey Brin' chars=1640
generated target='Benedetto Varchi' sample=73/200 source='David Geffen' chars=1582
generated target='Benedetto Varchi' sample=74/200 source='Carl Linnaeus' chars=1562
generated target='Benedetto Varchi' sample=75/200 source='Winston Churchill' chars=1609
generated target='Benedetto Varchi' sample=76/200 source='Jacinda Ardern' chars=1687
generated target='Benedetto Varchi' sample=77/200 source='Ronald Reagan' chars=1614
generated target='Benedetto Varchi' sample=78/200 source='Yasser Arafat' chars=1500
generated target='Benedetto Varchi' sample=79/200 source='Vladimir Putin' chars=1610
generated target='Benedetto Varchi' sample=80/200 source='Sun Tzu' chars=1561
generated target='Benedetto Varchi' sample=81/200 source='Oprah Winfrey' chars=1750
generated target='Benedetto Varchi' sample=82/200 source='Mukesh Ambani' chars=1617
generated target='Benedetto Varchi' sample=83/200 source='Derek Jeter' chars=1288
generated target='Benedetto Varchi' sample=84/200 source='Sachin Tendulkar' chars=1480
generated target='Benedetto Varchi' sample=85/200 source='Diego Maradona' chars=1479
generated target='Benedetto Varchi' sample=86/200 source='Elvis Presley' chars=1469
generated target='Benedetto Varchi' sample=87/200 source='Eminem' chars=1589
generated target='Benedetto Varchi' sample=88/200 source='Phil Knight' chars=1509
generated target='Benedetto Varchi' sample=89/200 source='Alexis de Tocqueville' chars=1600
generated target='Benedetto Varchi' sample=90/200 source='LeBron James' chars=1757
generated target='Benedetto Varchi' sample=91/200 source='Anne Hathaway' chars=1301
generated target='Benedetto Varchi' sample=92/200 source='Angela Davis' chars=1600
generated target='Benedetto Varchi' sample=93/200 source='Cristiano Ronaldo' chars=1515
generated target='Benedetto Varchi' sample=94/200 source='Rafael Nadal' chars=1529
generated target='Benedetto Varchi' sample=95/200 source='Marta Vieira da Silva' chars=1689
generated target='Benedetto Varchi' sample=96/200 source='Anne Carson' chars=1702
generated target='Benedetto Varchi' sample=97/200 source='Pope Francis' chars=1682
generated target='Benedetto Varchi' sample=98/200 source='Tony Blair' chars=1575
generated target='Benedetto Varchi' sample=99/200 source='Charles III' chars=1421
generated target='Benedetto Varchi' sample=100/200 source='Galileo Galilei' chars=1667
generated target='Benedetto Varchi' sample=101/200 source='Joe Biden' chars=1667
generated target='Benedetto Varchi' sample=102/200 source='Abraham Lincoln' chars=1500
generated target='Benedetto Varchi' sample=103/200 source='Stephen Curry' chars=1629
generated target='Benedetto Varchi' sample=104/200 source='Indira Gandhi' chars=1754
generated target='Benedetto Varchi' sample=105/200 source='Scarlett Johansson' chars=1363
generated target='Benedetto Varchi' sample=106/200 source='Meghan, Duchess of Sussex' chars=1637
generated target='Benedetto Varchi' sample=107/200 source='James Watson' chars=1605
generated target='Benedetto Varchi' sample=108/200 source='Greg LeMond' chars=1457
generated target='Benedetto Varchi' sample=109/200 source='Johnny Depp' chars=1858
generated target='Benedetto Varchi' sample=110/200 source='Zinedine Zidane' chars=1461
generated target='Benedetto Varchi' sample=111/200 source='Richard Branson' chars=1704
generated target='Benedetto Varchi' sample=112/200 source='Kate Winslet' chars=1513
generated target='Benedetto Varchi' sample=113/200 source='Nicki Minaj' chars=1444
generated target='Benedetto Varchi' sample=114/200 source='John F. Kennedy' chars=1530
generated target='Benedetto Varchi' sample=115/200 source='Jay-Z' chars=1600
generated target='Benedetto Varchi' sample=116/200 source='Stephen Hawking' chars=1589
generated target='Benedetto Varchi' sample=117/200 source='Alan Turing' chars=1624
generated target='Benedetto Varchi' sample=118/200 source='Blaise Pascal' chars=1746
generated target='Benedetto Varchi' sample=119/200 source='Will Smith' chars=1523
generated target='Benedetto Varchi' sample=120/200 source='Kim Kardashian' chars=1707
generated target='Benedetto Varchi' sample=121/200 source='Silvio Berlusconi' chars=1407
generated target='Benedetto Varchi' sample=122/200 source='Magic Johnson' chars=1604
generated target='Benedetto Varchi' sample=123/200 source='David Cameron' chars=1705
generated target='Benedetto Varchi' sample=124/200 source='W.E.B. Du Bois' chars=1555
generated target='Benedetto Varchi' sample=125/200 source='Jennifer Lawrence' chars=1423
generated target='Benedetto Varchi' sample=126/200 source='Muhammad Ali' chars=1453
generated target='Benedetto Varchi' sample=127/200 source='Anna Wintour' chars=1640
generated target='Benedetto Varchi' sample=128/200 source='Diana, Princess of Wales' chars=1676
generated target='Benedetto Varchi' sample=129/200 source='John Howard' chars=1676
generated target='Benedetto Varchi' sample=130/200 source='Clint Eastwood' chars=1565
generated target='Benedetto Varchi' sample=131/200 source='Euclid' chars=1923
generated target='Benedetto Varchi' sample=132/200 source='Britney Spears' chars=1676
generated target='Benedetto Varchi' sample=133/200 source='Jennifer Lopez' chars=1662
generated target='Benedetto Varchi' sample=134/200 source='Jack Ma' chars=1810
generated target='Benedetto Varchi' sample=135/200 source='Tom Hardy' chars=1694
generated target='Benedetto Varchi' sample=136/200 source='Thabo Mbeki' chars=1615
generated target='Benedetto Varchi' sample=137/200 source='Jerry Rice' chars=1466
generated target='Benedetto Varchi' sample=138/200 source='James Dyson' chars=1682
generated target='Benedetto Varchi' sample=139/200 source='Fidel Castro' chars=1696
generated target='Benedetto Varchi' sample=140/200 source='Robert De Niro' chars=1436
generated target='Benedetto Varchi' sample=141/200 source='Kevin Systrom' chars=1515
generated target='Benedetto Varchi' sample=142/200 source='Pablo Escobar' chars=1613
generated target='Benedetto Varchi' sample=143/200 source='Novak Djokovic' chars=1539
generated target='Benedetto Varchi' sample=144/200 source='Elon Musk' chars=1592
generated target='Benedetto Varchi' sample=145/200 source='Kanye West' chars=1686
generated target='Benedetto Varchi' sample=146/200 source='Nadia Comaneci' chars=1386
generated target='Benedetto Varchi' sample=147/200 source='Charles de Gaulle' chars=1574
generated target='Benedetto Varchi' sample=148/200 source='Demi Lovato' chars=1687
generated target='Benedetto Varchi' sample=149/200 source='Billie Eilish' chars=1503
generated target='Benedetto Varchi' sample=150/200 source='Meryl Streep' chars=1566
generated target='Benedetto Varchi' sample=151/200 source='Taylor Swift' chars=1443
generated target='Benedetto Varchi' sample=152/200 source='Margaret Mead' chars=1776
generated target='Benedetto Varchi' sample=153/200 source='Keanu Reeves' chars=1702
generated target='Benedetto Varchi' sample=154/200 source='Albert Einstein' chars=1768
generated target='Benedetto Varchi' sample=155/200 source='David Attenborough' chars=1580
generated target='Benedetto Varchi' sample=156/200 source='Michael Jackson' chars=1540
generated target='Benedetto Varchi' sample=157/200 source='Rupert Murdoch' chars=1656
generated target='Benedetto Varchi' sample=158/200 source='Dwayne Johnson' chars=1652
generated target='Benedetto Varchi' sample=159/200 source='Prince (musician)' chars=1618
generated target='Benedetto Varchi' sample=160/200 source='Frida Kahlo' chars=1713
generated target='Benedetto Varchi' sample=161/200 source='Leonardo da Vinci' chars=1657
generated target='Benedetto Varchi' sample=162/200 source='Kobe Bryant' chars=1701
generated target='Benedetto Varchi' sample=163/200 source='Mike Tyson' chars=1707
generated target='Benedetto Varchi' sample=164/200 source='John Cena' chars=1447
generated target='Benedetto Varchi' sample=165/200 source='Zaha Hadid' chars=1619
generated target='Benedetto Varchi' sample=166/200 source='Selena Gomez' chars=1382
generated target='Benedetto Varchi' sample=167/200 source='Russell Crowe' chars=1449
generated target='Benedetto Varchi' sample=168/200 source='Angelina Jolie' chars=1684
generated target='Benedetto Varchi' sample=169/200 source='Lady Gaga' chars=1669
generated target='Benedetto Varchi' sample=170/200 source='Isaac Asimov' chars=1532
generated target='Benedetto Varchi' sample=171/200 source='Madonna' chars=1480
generated target='Benedetto Varchi' sample=172/200 source='Franklin D. Roosevelt' chars=1565
generated target='Benedetto Varchi' sample=173/200 source='Beyoncé' chars=1663
generated target='Benedetto Varchi' sample=174/200 source='David Bowie' chars=1488
generated target='Benedetto Varchi' sample=175/200 source='Mark Wahlberg' chars=1505
generated target='Benedetto Varchi' sample=176/200 source='Ted Bundy' chars=1607
generated target='Benedetto Varchi' sample=177/200 source='Morgan Freeman' chars=1642
generated target='Benedetto Varchi' sample=178/200 source='Ralph Lauren' chars=1677
generated target='Benedetto Varchi' sample=179/200 source='Plato' chars=1662
generated target='Benedetto Varchi' sample=180/200 source='Adele' chars=1577
generated target='Benedetto Varchi' sample=181/200 source='Helmut Kohl' chars=1556
generated target='Benedetto Varchi' sample=182/200 source='Arnold Schwarzenegger' chars=1446
generated target='Benedetto Varchi' sample=183/200 source='Zlatan Ibrahimovic' chars=1529
generated target='Benedetto Varchi' sample=184/200 source='Roger Federer' chars=1654
generated target='Benedetto Varchi' sample=185/200 source='Lise Meitner' chars=1731
generated target='Benedetto Varchi' sample=186/200 source='Emma Watson' chars=1304
generated target='Benedetto Varchi' sample=187/200 source='Rihanna' chars=1526
generated target='Benedetto Varchi' sample=188/200 source='Nikola Tesla' chars=1824
generated target='Benedetto Varchi' sample=189/200 source='Audrey Hepburn' chars=1655
generated target='Benedetto Varchi' sample=190/200 source='Freddie Mercury' chars=1587
generated target='Benedetto Varchi' sample=191/200 source='Lewis Hamilton' chars=1779
resume target='Benedetto Varchi' start=191/200
generated target='Benedetto Varchi' sample=192/200 source='Miley Cyrus' chars=1577
generated target='Benedetto Varchi' sample=193/200 source='Thomas Edison' chars=1773
generated target='Benedetto Varchi' sample=194/200 source='Kylian Mbappe' chars=1576
generated target='Benedetto Varchi' sample=195/200 source='Michael Jordan' chars=1250
generated target='Benedetto Varchi' sample=196/200 source='Tupac Shakur' chars=1528
generated target='Benedetto Varchi' sample=197/200 source='Larry Bird' chars=1358
generated target='Benedetto Varchi' sample=198/200 source='Shimon Peres' chars=1498
generated target='Benedetto Varchi' sample=199/200 source='Ginni Rometty' chars=1603
generated target='Benedetto Varchi' sample=200/200 source='Barack Obama' chars=1701
resume target='Wilhelm Wattenbach' start=0/200
generated target='Wilhelm Wattenbach' sample=1/200 source='Frida Kahlo' chars=1719
generated target='Wilhelm Wattenbach' sample=2/200 source='Ginni Rometty' chars=1625
generated target='Wilhelm Wattenbach' sample=3/200 source='Dwayne Johnson' chars=1618
generated target='Wilhelm Wattenbach' sample=4/200 source='Evo Morales' chars=1659
generated target='Wilhelm Wattenbach' sample=5/200 source='Jennifer Aniston' chars=1644
generated target='Wilhelm Wattenbach' sample=6/200 source='Tom Hardy' chars=1429
generated target='Wilhelm Wattenbach' sample=7/200 source='Katy Perry' chars=1564
generated target='Wilhelm Wattenbach' sample=8/200 source='Emma Watson' chars=1748
generated target='Wilhelm Wattenbach' sample=9/200 source='Isaac Asimov' chars=1574
generated target='Wilhelm Wattenbach' sample=10/200 source='Sigmund Freud' chars=1760
generated target='Wilhelm Wattenbach' sample=11/200 source='Meryl Streep' chars=1640
generated target='Wilhelm Wattenbach' sample=12/200 source='Alexis de Tocqueville' chars=1725
generated target='Wilhelm Wattenbach' sample=13/200 source='Justin Bieber' chars=1425
generated target='Wilhelm Wattenbach' sample=14/200 source='Phil Knight' chars=1464
generated target='Wilhelm Wattenbach' sample=15/200 source='Cate Blanchett' chars=1645
generated target='Wilhelm Wattenbach' sample=16/200 source='Ken Griffey Jr.' chars=1459
generated target='Wilhelm Wattenbach' sample=17/200 source='Will Smith' chars=1528
generated target='Wilhelm Wattenbach' sample=18/200 source='Abraham Lincoln' chars=1549
generated target='Wilhelm Wattenbach' sample=19/200 source='Lionel Messi' chars=1537
generated target='Wilhelm Wattenbach' sample=20/200 source='Larry Bird' chars=1543
generated target='Wilhelm Wattenbach' sample=21/200 source='Michael Jordan' chars=1605
generated target='Wilhelm Wattenbach' sample=22/200 source='Mark Wahlberg' chars=1596
generated target='Wilhelm Wattenbach' sample=23/200 source='Elon Musk' chars=1747
generated target='Wilhelm Wattenbach' sample=24/200 source='LeBron James' chars=1583
generated target='Wilhelm Wattenbach' sample=25/200 source='Ted Bundy' chars=1640
generated target='Wilhelm Wattenbach' sample=26/200 source='Russell Crowe' chars=1469
generated target='Wilhelm Wattenbach' sample=27/200 source='Ryan Reynolds' chars=1500
generated target='Wilhelm Wattenbach' sample=28/200 source='Margaret Mead' chars=1758
generated target='Wilhelm Wattenbach' sample=29/200 source='Winston Churchill' chars=1690
generated target='Wilhelm Wattenbach' sample=30/200 source='Pablo Escobar' chars=1636
generated target='Wilhelm Wattenbach' sample=31/200 source='Lali Espósito' chars=1317
generated target='Wilhelm Wattenbach' sample=32/200 source='Elizabeth II' chars=1782
generated target='Wilhelm Wattenbach' sample=33/200 source='Lewis Hamilton' chars=1435
generated target='Wilhelm Wattenbach' sample=34/200 source='Zlatan Ibrahimovic' chars=1420
generated target='Wilhelm Wattenbach' sample=35/200 source='Sun Tzu' chars=1719
generated target='Wilhelm Wattenbach' sample=36/200 source='Jay-Z' chars=1607
generated target='Wilhelm Wattenbach' sample=37/200 source='Silvio Berlusconi' chars=1551
generated target='Wilhelm Wattenbach' sample=38/200 source='Zaha Hadid' chars=1818
generated target='Wilhelm Wattenbach' sample=39/200 source='Barack Obama' chars=1620
generated target='Wilhelm Wattenbach' sample=40/200 source='Thomas Edison' chars=1591
generated target='Wilhelm Wattenbach' sample=41/200 source='Martina Navratilova' chars=1685
generated target='Wilhelm Wattenbach' sample=42/200 source='George VI' chars=1589
generated target='Wilhelm Wattenbach' sample=43/200 source='Tupac Shakur' chars=1518
generated target='Wilhelm Wattenbach' sample=44/200 source='Denzel Washington' chars=1609
generated target='Wilhelm Wattenbach' sample=45/200 source='Keanu Reeves' chars=1511
generated target='Wilhelm Wattenbach' sample=46/200 source='David Attenborough' chars=1598
generated target='Wilhelm Wattenbach' sample=47/200 source='George Washington' chars=1568
generated target='Wilhelm Wattenbach' sample=48/200 source='Selena Gomez' chars=1443
generated target='Wilhelm Wattenbach' sample=49/200 source='Rafael Nadal' chars=1379
generated target='Wilhelm Wattenbach' sample=50/200 source='Debra Lee' chars=1633
generated target='Wilhelm Wattenbach' sample=51/200 source='John Lennon' chars=1644
generated target='Wilhelm Wattenbach' sample=52/200 source='Eminem' chars=1551
generated target='Wilhelm Wattenbach' sample=53/200 source='Plato' chars=1964
generated target='Wilhelm Wattenbach' sample=54/200 source='Bernard Arnault' chars=1592
generated target='Wilhelm Wattenbach' sample=55/200 source='John F. Kennedy' chars=1540
generated target='Wilhelm Wattenbach' sample=56/200 source='Dian Fossey' chars=1655
generated target='Wilhelm Wattenbach' sample=57/200 source='Freddie Mercury' chars=1610
generated target='Wilhelm Wattenbach' sample=58/200 source='Leonardo da Vinci' chars=1762
generated target='Wilhelm Wattenbach' sample=59/200 source='Derek Jeter' chars=1430
generated target='Wilhelm Wattenbach' sample=60/200 source='Mila Kunis' chars=1567
generated target='Wilhelm Wattenbach' sample=61/200 source='Nadia Comaneci' chars=1412
generated target='Wilhelm Wattenbach' sample=62/200 source='Kylian Mbappe' chars=1452
generated target='Wilhelm Wattenbach' sample=63/200 source='Anna Wintour' chars=1551
generated target='Wilhelm Wattenbach' sample=64/200 source='Donald Trump' chars=1903
generated target='Wilhelm Wattenbach' sample=65/200 source='Stephen Curry' chars=1586
generated target='Wilhelm Wattenbach' sample=66/200 source='James Dyson' chars=1730
generated target='Wilhelm Wattenbach' sample=67/200 source='Taylor Swift' chars=1369
generated target='Wilhelm Wattenbach' sample=68/200 source='Pope Francis' chars=1841
generated target='Wilhelm Wattenbach' sample=69/200 source='Golda Meir' chars=1518
generated target='Wilhelm Wattenbach' sample=70/200 source='Adolf Hitler' chars=1687
generated target='Wilhelm Wattenbach' sample=71/200 source='Muhammad Ali' chars=1653
generated target='Wilhelm Wattenbach' sample=72/200 source='Mia Hamm' chars=1412
generated target='Wilhelm Wattenbach' sample=73/200 source='Nelson Mandela' chars=1610
generated target='Wilhelm Wattenbach' sample=74/200 source='Rachel Carson' chars=1782
generated target='Wilhelm Wattenbach' sample=75/200 source='Nicki Minaj' chars=1553
generated target='Wilhelm Wattenbach' sample=76/200 source='Bob Dylan' chars=1542
generated target='Wilhelm Wattenbach' sample=77/200 source='Rihanna' chars=1401
generated target='Wilhelm Wattenbach' sample=78/200 source='Princess Margaret, Countess of Snowdon' chars=1591
generated target='Wilhelm Wattenbach' sample=79/200 source='Leonardo DiCaprio' chars=1621
generated target='Wilhelm Wattenbach' sample=80/200 source='Robert De Niro' chars=1485
generated target='Wilhelm Wattenbach' sample=81/200 source='Ronald Reagan' chars=1551
generated target='Wilhelm Wattenbach' sample=82/200 source='Thabo Mbeki' chars=1609
generated target='Wilhelm Wattenbach' sample=83/200 source='Arnold Schwarzenegger' chars=1496
generated target='Wilhelm Wattenbach' sample=84/200 source='Greg LeMond' chars=1607
generated target='Wilhelm Wattenbach' sample=85/200 source='Demi Lovato' chars=1502
generated target='Wilhelm Wattenbach' sample=86/200 source='Fidel Castro' chars=1540
generated target='Wilhelm Wattenbach' sample=87/200 source='Charles III' chars=1848
generated target='Wilhelm Wattenbach' sample=88/200 source='Kanye West' chars=1627
generated target='Wilhelm Wattenbach' sample=89/200 source='Mukesh Ambani' chars=1642
generated target='Wilhelm Wattenbach' sample=90/200 source='Megan Fox' chars=1493
generated target='Wilhelm Wattenbach' sample=91/200 source='Jennifer Lawrence' chars=1507
generated target='Wilhelm Wattenbach' sample=92/200 source='Galileo Galilei' chars=1520
generated target='Wilhelm Wattenbach' sample=93/200 source='Prince (musician)' chars=1420
generated target='Wilhelm Wattenbach' sample=94/200 source='Indira Gandhi' chars=1716
generated target='Wilhelm Wattenbach' sample=95/200 source='Euclid' chars=1790
generated target='Wilhelm Wattenbach' sample=96/200 source='Jean-Jacques Rousseau' chars=1658
generated target='Wilhelm Wattenbach' sample=97/200 source='Kamala Harris' chars=1650
generated target='Wilhelm Wattenbach' sample=98/200 source='James Watson' chars=1831
generated target='Wilhelm Wattenbach' sample=99/200 source='Zinedine Zidane' chars=1466
generated target='Wilhelm Wattenbach' sample=100/200 source='Jennifer Lopez' chars=1451
generated target='Wilhelm Wattenbach' sample=101/200 source='John Cena' chars=1574
generated target='Wilhelm Wattenbach' sample=102/200 source='Viola Davis' chars=1748
generated target='Wilhelm Wattenbach' sample=103/200 source='Walter Disney' chars=1577
generated target='Wilhelm Wattenbach' sample=104/200 source='Cristiano Ronaldo' chars=1700
generated target='Wilhelm Wattenbach' sample=105/200 source='Billie Eilish' chars=1684
generated target='Wilhelm Wattenbach' sample=106/200 source='Mahatma Gandhi' chars=1649
generated target='Wilhelm Wattenbach' sample=107/200 source='Diana, Princess of Wales' chars=1575
generated target='Wilhelm Wattenbach' sample=108/200 source='Kevin Systrom' chars=1665
generated target='Wilhelm Wattenbach' sample=109/200 source='Roger Federer' chars=1533
generated target='Wilhelm Wattenbach' sample=110/200 source='Mike Tyson' chars=1396
generated target='Wilhelm Wattenbach' sample=111/200 source='Mark Zuckerberg' chars=1783
generated target='Wilhelm Wattenbach' sample=112/200 source='Sylvia Mathews Burwell' chars=1754
generated target='Wilhelm Wattenbach' sample=113/200 source='Michael Schumacher' chars=1673
generated target='Wilhelm Wattenbach' sample=114/200 source='Henry VIII' chars=1556
generated target='Wilhelm Wattenbach' sample=115/200 source='Lil Wayne' chars=1701
generated target='Wilhelm Wattenbach' sample=116/200 source='Richard Branson' chars=1727
generated target='Wilhelm Wattenbach' sample=117/200 source='Edith Wharton' chars=1536
generated target='Wilhelm Wattenbach' sample=118/200 source='Sylvester Stallone' chars=1520
generated target='Wilhelm Wattenbach' sample=119/200 source='Bill Gates' chars=1764
generated target='Wilhelm Wattenbach' sample=120/200 source='David Cameron' chars=1695
generated target='Wilhelm Wattenbach' sample=121/200 source='Shimon Peres' chars=1599
generated target='Wilhelm Wattenbach' sample=122/200 source='Audrey Hepburn' chars=1514
generated target='Wilhelm Wattenbach' sample=123/200 source='Jack Ma' chars=1605
generated target='Wilhelm Wattenbach' sample=124/200 source='Meghan, Duchess of Sussex' chars=1616
generated target='Wilhelm Wattenbach' sample=125/200 source='Franklin D. Roosevelt' chars=1538
generated target='Wilhelm Wattenbach' sample=126/200 source='Andrew Carnegie' chars=1840
generated target='Wilhelm Wattenbach' sample=127/200 source='Zbigniew Brzezinski' chars=1585
generated target='Wilhelm Wattenbach' sample=128/200 source='George W. Bush' chars=1710
generated target='Wilhelm Wattenbach' sample=129/200 source='Rupert Murdoch' chars=1648
generated target='Wilhelm Wattenbach' sample=130/200 source='Tom Brady' chars=1576
generated target='Wilhelm Wattenbach' sample=131/200 source='Ruth Bader Ginsburg' chars=1580
generated target='Wilhelm Wattenbach' sample=132/200 source='William Shakespeare' chars=1543
generated target='Wilhelm Wattenbach' sample=133/200 source='Helmut Kohl' chars=1481
generated target='Wilhelm Wattenbach' sample=134/200 source='Bruce Lee' chars=1756
generated target='Wilhelm Wattenbach' sample=135/200 source='Alan Turing' chars=1719
generated target='Wilhelm Wattenbach' sample=136/200 source='Queen Victoria' chars=1642
generated target='Wilhelm Wattenbach' sample=137/200 source='Britney Spears' chars=1562
generated target='Wilhelm Wattenbach' sample=138/200 source='Angelina Jolie' chars=1703
generated target='Wilhelm Wattenbach' sample=139/200 source='Lady Gaga' chars=1631
generated target='Wilhelm Wattenbach' sample=140/200 source='Angela Davis' chars=1666
generated target='Wilhelm Wattenbach' sample=141/200 source='Nancy Pelosi' chars=1763
generated target='Wilhelm Wattenbach' sample=142/200 source='Nikola Tesla' chars=1889
generated target='Wilhelm Wattenbach' sample=143/200 source='David Bowie' chars=1532
generated target='Wilhelm Wattenbach' sample=144/200 source='Magic Johnson' chars=1689
generated target='Wilhelm Wattenbach' sample=145/200 source='Sergey Brin' chars=1750
generated target='Wilhelm Wattenbach' sample=146/200 source='Brad Pitt' chars=1532
generated target='Wilhelm Wattenbach' sample=147/200 source='Jacinda Ardern' chars=1691
generated target='Wilhelm Wattenbach' sample=148/200 source='Johnny Depp' chars=1485
generated target='Wilhelm Wattenbach' sample=149/200 source='W.E.B. Du Bois' chars=1686
generated target='Wilhelm Wattenbach' sample=150/200 source='Ariana Grande' chars=1500
generated target='Wilhelm Wattenbach' sample=151/200 source='Charles Manson' chars=1617
generated target='Wilhelm Wattenbach' sample=152/200 source='Stephen Hawking' chars=1612
generated target='Wilhelm Wattenbach' sample=153/200 source='Indra Nooyi' chars=1772
generated target='Wilhelm Wattenbach' sample=154/200 source='Diego Maradona' chars=1620
generated target='Wilhelm Wattenbach' sample=155/200 source='Wayne Gretzky' chars=1440
generated target='Wilhelm Wattenbach' sample=156/200 source='Oprah Winfrey' chars=1679
generated target='Wilhelm Wattenbach' sample=157/200 source='Amartya Sen' chars=1724
generated target='Wilhelm Wattenbach' sample=158/200 source='Prince Philip, Duke of Edinburgh' chars=1642
generated target='Wilhelm Wattenbach' sample=159/200 source='Miley Cyrus' chars=1546
generated target='Wilhelm Wattenbach' sample=160/200 source='David Geffen' chars=1550
generated target='Wilhelm Wattenbach' sample=161/200 source='Adele' chars=1109
generated target='Wilhelm Wattenbach' sample=162/200 source='Heath Ledger' chars=1692
generated target='Wilhelm Wattenbach' sample=163/200 source='Elvis Presley' chars=1627
generated target='Wilhelm Wattenbach' sample=164/200 source='John Howard' chars=1752
generated target='Wilhelm Wattenbach' sample=165/200 source='Kate Winslet' chars=1577
generated target='Wilhelm Wattenbach' sample=166/200 source='Carl Linnaeus' chars=1634
generated target='Wilhelm Wattenbach' sample=167/200 source='Vladimir Putin' chars=1719
generated target='Wilhelm Wattenbach' sample=168/200 source='Boris Johnson' chars=1569
generated target='Wilhelm Wattenbach' sample=169/200 source='Beyoncé' chars=1465
generated target='Wilhelm Wattenbach' sample=170/200 source='Yasser Arafat' chars=1508
generated target='Wilhelm Wattenbach' sample=171/200 source='Lise Meitner' chars=1614
generated target='Wilhelm Wattenbach' sample=172/200 source='Tony Blair' chars=1679
generated target='Wilhelm Wattenbach' sample=173/200 source='Angela Merkel' chars=1701
generated target='Wilhelm Wattenbach' sample=174/200 source='Novak Djokovic' chars=1705
generated target='Wilhelm Wattenbach' sample=175/200 source='Robin Williams' chars=1576
generated target='Wilhelm Wattenbach' sample=176/200 source='Tom Cruise' chars=1674
generated target='Wilhelm Wattenbach' sample=177/200 source='Tom Hanks' chars=1321
generated target='Wilhelm Wattenbach' sample=178/200 source='Jerry Rice' chars=1569
generated target='Wilhelm Wattenbach' sample=179/200 source='Kim Kardashian' chars=1647
generated target='Wilhelm Wattenbach' sample=180/200 source='Cris Cyborg' chars=1588
generated target='Wilhelm Wattenbach' sample=181/200 source='Albert Einstein' chars=1866
generated target='Wilhelm Wattenbach' sample=182/200 source='Anne Carson' chars=1631
generated target='Wilhelm Wattenbach' sample=183/200 source='Kobe Bryant' chars=1555
generated target='Wilhelm Wattenbach' sample=184/200 source='Clint Eastwood' chars=1531
generated target='Wilhelm Wattenbach' sample=185/200 source='Marta Vieira da Silva' chars=851
generated target='Wilhelm Wattenbach' sample=186/200 source='Michael Jackson' chars=1717
generated target='Wilhelm Wattenbach' sample=187/200 source='Marilyn Monroe' chars=1468
generated target='Wilhelm Wattenbach' sample=188/200 source='Charles de Gaulle' chars=1584
generated target='Wilhelm Wattenbach' sample=189/200 source='Anne Hathaway' chars=1435
generated target='Wilhelm Wattenbach' sample=190/200 source='Morgan Freeman' chars=1446
generated target='Wilhelm Wattenbach' sample=191/200 source='Scarlett Johansson' chars=1562
generated target='Wilhelm Wattenbach' sample=192/200 source='Ralph Lauren' chars=1790
generated target='Wilhelm Wattenbach' sample=193/200 source='Madonna' chars=1635
generated target='Wilhelm Wattenbach' sample=194/200 source='Paul Dirac' chars=1780
generated target='Wilhelm Wattenbach' sample=195/200 source='Steve Jobs' chars=1759
generated target='Wilhelm Wattenbach' sample=196/200 source='Bob Marley' chars=1484
generated target='Wilhelm Wattenbach' sample=197/200 source='Blaise Pascal' chars=1726
generated target='Wilhelm Wattenbach' sample=198/200 source='Joe Biden' chars=1844
generated target='Wilhelm Wattenbach' sample=199/200 source='Immanuel Kant' chars=1745
generated target='Wilhelm Wattenbach' sample=200/200 source='Sachin Tendulkar' chars=1369
