resume target='P. A. Yeomans' start=0/200
generated target='P. A. Yeomans' sample=1/200 source='Kim Kardashian' chars=1591
generated target='P. A. Yeomans' sample=2/200 source='Wayne Gretzky' chars=1293
retry target='P. A. Yeomans' source='Russell Crowe' sample=2 attempt=1 chars=1267
generated target='P. A. Yeomans' sample=3/200 source='Russell Crowe' chars=1341
generated target='P. A. Yeomans' sample=4/200 source='Pope Francis' chars=1597
generated target='P. A. Yeomans' sample=5/200 source='Adele' chars=1526
generated target='P. A. Yeomans' sample=6/200 source='Zinedine Zidane' chars=1573
generated target='P. A. Yeomans' sample=7/200 source='Katy Perry' chars=1619
generated target='P. A. Yeomans' sample=8/200 source='Novak Djokovic' chars=1531
generated target='P. A. Yeomans' sample=9/200 source='Nadia Comaneci' chars=1581
generated target='P. A. Yeomans' sample=10/200 source='Angela Merkel' chars=1634
generated target='P. A. Yeomans' sample=11/200 source='Lil Wayne' chars=1544
generated target='P. A. Yeomans' sample=12/200 source='Sachin Tendulkar' chars=1423
generated target='P. A. Yeomans' sample=13/200 source='Arnold Schwarzenegger' chars=1394
generated target='P. A. Yeomans' sample=14/200 source='Selena Gomez' chars=1434
generated target='P. A. Yeomans' sample=15/200 source='Franklin D. Roosevelt' chars=1687
generated target='P. A. Yeomans' sample=16/200 source='George W. Bush' chars=1711
generated target='P. A. Yeomans' sample=17/200 source='Dwayne Johnson' chars=1756
generated target='P. A. Yeomans' sample=18/200 source='Vladimir Putin' chars=1550
generated target='P. A. Yeomans' sample=19/200 source='Madonna' chars=1464
generated target='P. A. Yeomans' sample=20/200 source='Derek Jeter' chars=1676
generated target='P. A. Yeomans' sample=21/200 source='Justin Bieber' chars=1602
generated target='P. A. Yeomans' sample=22/200 source='Muhammad Ali' chars=1604
generated target='P. A. Yeomans' sample=23/200 source='Cate Blanchett' chars=1619
generated target='P. A. Yeomans' sample=24/200 source='Alan Turing' chars=1620
generated target='P. A. Yeomans' sample=25/200 source='Andrew Carnegie' chars=1610
generated target='P. A. Yeomans' sample=26/200 source='Indira Gandhi' chars=1615
generated target='P. A. Yeomans' sample=27/200 source='Phil Knight' chars=1600
generated target='P. A. Yeomans' sample=28/200 source='Anne Hathaway' chars=1510
generated target='P. A. Yeomans' sample=29/200 source='Emma Watson' chars=1545
generated target='P. A. Yeomans' sample=30/200 source='Adolf Hitler' chars=1705
generated target='P. A. Yeomans' sample=31/200 source='Zlatan Ibrahimovic' chars=1656
generated target='P. A. Yeomans' sample=32/200 source='Leonardo DiCaprio' chars=1495
generated target='P. A. Yeomans' sample=33/200 source='Sergey Brin' chars=1649
generated target='P. A. Yeomans' sample=34/200 source='Ken Griffey Jr.' chars=1531
generated target='P. A. Yeomans' sample=35/200 source='Magic Johnson' chars=1435
generated target='P. A. Yeomans' sample=36/200 source='William Shakespeare' chars=1582
generated target='P. A. Yeomans' sample=37/200 source='Fidel Castro' chars=1648
generated target='P. A. Yeomans' sample=38/200 source='Charles de Gaulle' chars=1695
generated target='P. A. Yeomans' sample=39/200 source='Abraham Lincoln' chars=1507
generated target='P. A. Yeomans' sample=40/200 source='Paul Dirac' chars=1728
generated target='P. A. Yeomans' sample=41/200 source='Michael Jordan' chars=1516
generated target='P. A. Yeomans' sample=42/200 source='Sun Tzu' chars=1747
generated target='P. A. Yeomans' sample=43/200 source='Tony Blair' chars=1726
generated target='P. A. Yeomans' sample=44/200 source='Kate Winslet' chars=1569
generated target='P. A. Yeomans' sample=45/200 source='Immanuel Kant' chars=1627
generated target='P. A. Yeomans' sample=46/200 source='Kevin Systrom' chars=1541
generated target='P. A. Yeomans' sample=47/200 source='Golda Meir' chars=1622
generated target='P. A. Yeomans' sample=48/200 source='Euclid' chars=1829
generated target='P. A. Yeomans' sample=49/200 source='Nicki Minaj' chars=1449
generated target='P. A. Yeomans' sample=50/200 source='Viola Davis' chars=1597
generated target='P. A. Yeomans' sample=51/200 source='Tom Hardy' chars=1719
generated target='P. A. Yeomans' sample=52/200 source='Tupac Shakur' chars=1548
generated target='P. A. Yeomans' sample=53/200 source='Lionel Messi' chars=1559
generated target='P. A. Yeomans' sample=54/200 source='Ralph Lauren' chars=1666
generated target='P. A. Yeomans' sample=55/200 source='Michael Schumacher' chars=1490
generated target='P. A. Yeomans' sample=56/200 source='LeBron James' chars=1508
generated target='P. A. Yeomans' sample=57/200 source='Ryan Reynolds' chars=1521
generated target='P. A. Yeomans' sample=58/200 source='Denzel Washington' chars=1604
generated target='P. A. Yeomans' sample=59/200 source='Ted Bundy' chars=1610
generated target='P. A. Yeomans' sample=60/200 source='Winston Churchill' chars=1609
generated target='P. A. Yeomans' sample=61/200 source='Bernard Arnault' chars=1595
generated target='P. A. Yeomans' sample=62/200 source='Larry Bird' chars=1532
generated target='P. A. Yeomans' sample=63/200 source='Indra Nooyi' chars=1564
generated target='P. A. Yeomans' sample=64/200 source='Roger Federer' chars=1590
generated target='P. A. Yeomans' sample=65/200 source='Bill Gates' chars=1902
generated target='P. A. Yeomans' sample=66/200 source='Sylvester Stallone' chars=1556
generated target='P. A. Yeomans' sample=67/200 source='Isaac Asimov' chars=1584
generated target='P. A. Yeomans' sample=68/200 source='Mark Wahlberg' chars=1467
generated target='P. A. Yeomans' sample=69/200 source='Barack Obama' chars=1775
generated target='P. A. Yeomans' sample=70/200 source='George Washington' chars=1618
generated target='P. A. Yeomans' sample=71/200 source='Rafael Nadal' chars=1646
generated target='P. A. Yeomans' sample=72/200 source='Pablo Escobar' chars=1495
generated target='P. A. Yeomans' sample=73/200 source='Steve Jobs' chars=1570
generated target='P. A. Yeomans' sample=74/200 source='Margaret Mead' chars=1620
generated target='P. A. Yeomans' sample=75/200 source='David Attenborough' chars=1591
generated target='P. A. Yeomans' sample=76/200 source='Yasser Arafat' chars=1582
generated target='P. A. Yeomans' sample=77/200 source='John F. Kennedy' chars=1658
generated target='P. A. Yeomans' sample=78/200 source='Stephen Hawking' chars=1730
generated target='P. A. Yeomans' sample=79/200 source='Ruth Bader Ginsburg' chars=1635
generated target='P. A. Yeomans' sample=80/200 source='Billie Eilish' chars=1436
generated target='P. A. Yeomans' sample=81/200 source='Marta Vieira da Silva' chars=1587
generated target='P. A. Yeomans' sample=82/200 source='Amartya Sen' chars=1730
generated target='P. A. Yeomans' sample=83/200 source='Queen Victoria' chars=1625
generated target='P. A. Yeomans' sample=84/200 source='David Cameron' chars=1672
generated target='P. A. Yeomans' sample=85/200 source='Zaha Hadid' chars=1664
generated target='P. A. Yeomans' sample=86/200 source='Scarlett Johansson' chars=1444
generated target='P. A. Yeomans' sample=87/200 source='Johnny Depp' chars=1534
generated target='P. A. Yeomans' sample=88/200 source='Brad Pitt' chars=1587
generated target='P. A. Yeomans' sample=89/200 source='Lewis Hamilton' chars=1267
generated target='P. A. Yeomans' sample=90/200 source='Jennifer Aniston' chars=1351
generated target='P. A. Yeomans' sample=91/200 source='Elizabeth II' chars=1494
generated target='P. A. Yeomans' sample=92/200 source='Carl Linnaeus' chars=1502
generated target='P. A. Yeomans' sample=93/200 source='Bob Dylan' chars=1457
generated target='P. A. Yeomans' sample=94/200 source='Jennifer Lopez' chars=1610
generated target='P. A. Yeomans' sample=95/200 source='Lise Meitner' chars=1543
generated target='P. A. Yeomans' sample=96/200 source='Nelson Mandela' chars=1686
generated target='P. A. Yeomans' sample=97/200 source='Thabo Mbeki' chars=1778
generated target='P. A. Yeomans' sample=98/200 source='David Bowie' chars=1482
generated target='P. A. Yeomans' sample=99/200 source='Mia Hamm' chars=1595
generated target='P. A. Yeomans' sample=100/200 source='Prince (musician)' chars=1521
generated target='P. A. Yeomans' sample=101/200 source='Edith Wharton' chars=1655
generated target='P. A. Yeomans' sample=102/200 source='Elon Musk' chars=1739
generated target='P. A. Yeomans' sample=103/200 source='Megan Fox' chars=1339
generated target='P. A. Yeomans' sample=104/200 source='Cris Cyborg' chars=1436
generated target='P. A. Yeomans' sample=105/200 source='Bruce Lee' chars=1552
generated target='P. A. Yeomans' sample=106/200 source='Jennifer Lawrence' chars=1236
generated target='P. A. Yeomans' sample=107/200 source='Mike Tyson' chars=1713
generated target='P. A. Yeomans' sample=108/200 source='Prince Philip, Duke of Edinburgh' chars=1639
generated target='P. A. Yeomans' sample=109/200 source='Michael Jackson' chars=1365
generated target='P. A. Yeomans' sample=110/200 source='Princess Margaret, Countess of Snowdon' chars=1540
generated target='P. A. Yeomans' sample=111/200 source='Silvio Berlusconi' chars=1539
generated target='P. A. Yeomans' sample=112/200 source='Charles Manson' chars=1577
generated target='P. A. Yeomans' sample=113/200 source='Richard Branson' chars=1743
generated target='P. A. Yeomans' sample=114/200 source='Frida Kahlo' chars=1533
generated target='P. A. Yeomans' sample=115/200 source='Rihanna' chars=1687
generated target='P. A. Yeomans' sample=116/200 source='Thomas Edison' chars=1790
generated target='P. A. Yeomans' sample=117/200 source='Martina Navratilova' chars=1206
generated target='P. A. Yeomans' sample=118/200 source='Clint Eastwood' chars=1515
generated target='P. A. Yeomans' sample=119/200 source='Angela Davis' chars=1637
generated target='P. A. Yeomans' sample=120/200 source='John Howard' chars=1793
generated target='P. A. Yeomans' sample=121/200 source='Walter Disney' chars=1619
generated target='P. A. Yeomans' sample=122/200 source='Alexis de Tocqueville' chars=1563
generated target='P. A. Yeomans' sample=123/200 source='Keanu Reeves' chars=1578
generated target='P. A. Yeomans' sample=124/200 source='Ronald Reagan' chars=1579
generated target='P. A. Yeomans' sample=125/200 source='Lady Gaga' chars=1605
generated target='P. A. Yeomans' sample=126/200 source='Miley Cyrus' chars=1262
generated target='P. A. Yeomans' sample=127/200 source='Evo Morales' chars=1626
generated target='P. A. Yeomans' sample=128/200 source='Bob Marley' chars=1497
generated target='P. A. Yeomans' sample=129/200 source='Dian Fossey' chars=1684
generated target='P. A. Yeomans' sample=130/200 source='Mahatma Gandhi' chars=1650
generated target='P. A. Yeomans' sample=131/200 source='Sylvia Mathews Burwell' chars=1587
generated target='P. A. Yeomans' sample=132/200 source='Audrey Hepburn' chars=1556
generated target='P. A. Yeomans' sample=133/200 source='Marilyn Monroe' chars=1502
generated target='P. A. Yeomans' sample=134/200 source='Mukesh Ambani' chars=1737
generated target='P. A. Yeomans' sample=135/200 source='Kylian Mbappe' chars=1572
generated target='P. A. Yeomans' sample=136/200 source='Cristiano Ronaldo' chars=1692
generated target='P. A. Yeomans' sample=137/200 source='Jerry Rice' chars=1598
generated target='P. A. Yeomans' sample=138/200 source='Lali Espósito' chars=1445
generated target='P. A. Yeomans' sample=139/200 source='James Dyson' chars=1685
generated target='P. A. Yeomans' sample=140/200 source='Galileo Galilei' chars=1504
generated target='P. A. Yeomans' sample=141/200 source='Diego Maradona' chars=1532
generated target='P. A. Yeomans' sample=142/200 source='Shimon Peres' chars=1499
generated target='P. A. Yeomans' sample=143/200 source='Heath Ledger' chars=1518
generated target='P. A. Yeomans' sample=144/200 source='Eminem' chars=1596
generated target='P. A. Yeomans' sample=145/200 source='Freddie Mercury' chars=1576
generated target='P. A. Yeomans' sample=146/200 source='Meryl Streep' chars=1466
generated target='P. A. Yeomans' sample=147/200 source='Kanye West' chars=1700
generated target='P. A. Yeomans' sample=148/200 source='Blaise Pascal' chars=1701
generated target='P. A. Yeomans' sample=149/200 source='Rachel Carson' chars=1739
generated target='P. A. Yeomans' sample=150/200 source='Tom Hanks' chars=1467
generated target='P. A. Yeomans' sample=151/200 source='Kamala Harris' chars=1693
generated target='P. A. Yeomans' sample=152/200 source='Anne Carson' chars=1613
generated target='P. A. Yeomans' sample=153/200 source='Taylor Swift' chars=1615
generated target='P. A. Yeomans' sample=154/200 source='Debra Lee' chars=1490
generated target='P. A. Yeomans' sample=155/200 source='Will Smith' chars=1447
generated target='P. A. Yeomans' sample=156/200 source='Elvis Presley' chars=1597
generated target='P. A. Yeomans' sample=157/200 source='Ariana Grande' chars=1514
generated target='P. A. Yeomans' sample=158/200 source='Nancy Pelosi' chars=1426
generated target='P. A. Yeomans' sample=159/200 source='Mark Zuckerberg' chars=1738
generated target='P. A. Yeomans' sample=160/200 source='John Lennon' chars=1547
generated target='P. A. Yeomans' sample=161/200 source='Angelina Jolie' chars=1454
generated target='P. A. Yeomans' sample=162/200 source='Rupert Murdoch' chars=1550
generated target='P. A. Yeomans' sample=163/200 source='Ginni Rometty' chars=1786
generated target='P. A. Yeomans' sample=164/200 source='Donald Trump' chars=1836
generated target='P. A. Yeomans' sample=165/200 source='W.E.B. Du Bois' chars=1612
generated target='P. A. Yeomans' sample=166/200 source='James Watson' chars=1704
generated target='P. A. Yeomans' sample=167/200 source='Joe Biden' chars=1729
generated target='P. A. Yeomans' sample=168/200 source='Plato' chars=1834
generated target='P. A. Yeomans' sample=169/200 source='Helmut Kohl' chars=1637
generated target='P. A. Yeomans' sample=170/200 source='Jay-Z' chars=1663
generated target='P. A. Yeomans' sample=171/200 source='Robin Williams' chars=1545
generated target='P. A. Yeomans' sample=172/200 source='Nikola Tesla' chars=1787
generated target='P. A. Yeomans' sample=173/200 source='Henry VIII' chars=1379
generated target='P. A. Yeomans' sample=174/200 source='Morgan Freeman' chars=1701
generated target='P. A. Yeomans' sample=175/200 source='Mila Kunis' chars=1420
generated target='P. A. Yeomans' sample=176/200 source='Zbigniew Brzezinski' chars=1545
generated target='P. A. Yeomans' sample=177/200 source='Britney Spears' chars=1383
generated target='P. A. Yeomans' sample=178/200 source='Boris Johnson' chars=1499
generated target='P. A. Yeomans' sample=179/200 source='Oprah Winfrey' chars=1679
generated target='P. A. Yeomans' sample=180/200 source='Diana, Princess of Wales' chars=1598
generated target='P. A. Yeomans' sample=181/200 source='Tom Brady' chars=1294
generated target='P. A. Yeomans' sample=182/200 source='Jack Ma' chars=1693
generated target='P. A. Yeomans' sample=183/200 source='Anna Wintour' chars=1494
generated target='P. A. Yeomans' sample=184/200 source='Demi Lovato' chars=1264
generated target='P. A. Yeomans' sample=185/200 source='Kobe Bryant' chars=1552
generated target='P. A. Yeomans' sample=186/200 source='Albert Einstein' chars=1592
generated target='P. A. Yeomans' sample=187/200 source='Greg LeMond' chars=1509
generated target='P. A. Yeomans' sample=188/200 source='Meghan, Duchess of Sussex' chars=1596
generated target='P. A. Yeomans' sample=189/200 source='Robert De Niro' chars=1514
resume target='P. A. Yeomans' start=189/200
generated target='P. A. Yeomans' sample=190/200 source='George VI' chars=1620
generated target='P. A. Yeomans' sample=191/200 source='Charles III' chars=1557
generated target='P. A. Yeomans' sample=192/200 source='David Geffen' chars=1551
generated target='P. A. Yeomans' sample=193/200 source='Jacinda Ardern' chars=1617
generated target='P. A. Yeomans' sample=194/200 source='John Cena' chars=1583
generated target='P. A. Yeomans' sample=195/200 source='Sigmund Freud' chars=1694
generated target='P. A. Yeomans' sample=196/200 source='Stephen Curry' chars=1696
generated target='P. A. Yeomans' sample=197/200 source='Leonardo da Vinci' chars=1663
generated target='P. A. Yeomans' sample=198/200 source='Jean-Jacques Rousseau' chars=1697
generated target='P. A. Yeomans' sample=199/200 source='Tom Cruise' chars=1457
generated target='P. A. Yeomans' sample=200/200 source='Beyoncé' chars=1607
resume target='Karl Hartl' start=0/200
generated target='Karl Hartl' sample=1/200 source='Bruce Lee' chars=1590
generated target='Karl Hartl' sample=2/200 source='Jennifer Aniston' chars=1503
generated target='Karl Hartl' sample=3/200 source='Eminem' chars=1499
generated target='Karl Hartl' sample=4/200 source='Bob Dylan' chars=1577
generated target='Karl Hartl' sample=5/200 source='Bob Marley' chars=1356
generated target='Karl Hartl' sample=6/200 source='Will Smith' chars=1579
generated target='Karl Hartl' sample=7/200 source='Sylvester Stallone' chars=1441
generated target='Karl Hartl' sample=8/200 source='Frida Kahlo' chars=1581
generated target='Karl Hartl' sample=9/200 source='Bill Gates' chars=1824
generated target='Karl Hartl' sample=10/200 source='Sylvia Mathews Burwell' chars=1485
generated target='Karl Hartl' sample=11/200 source='Alan Turing' chars=1712
generated target='Karl Hartl' sample=12/200 source='Justin Bieber' chars=1524
generated target='Karl Hartl' sample=13/200 source='Yasser Arafat' chars=1636
generated target='Karl Hartl' sample=14/200 source='Zbigniew Brzezinski' chars=1564
generated target='Karl Hartl' sample=15/200 source='Clint Eastwood' chars=1398
generated target='Karl Hartl' sample=16/200 source='Tom Hardy' chars=1586
generated target='Karl Hartl' sample=17/200 source='Rachel Carson' chars=1711
generated target='Karl Hartl' sample=18/200 source='Mike Tyson' chars=1589
generated target='Karl Hartl' sample=19/200 source='Heath Ledger' chars=1586
generated target='Karl Hartl' sample=20/200 source='George Washington' chars=1837
generated target='Karl Hartl' sample=21/200 source='Derek Jeter' chars=1490
generated target='Karl Hartl' sample=22/200 source='Oprah Winfrey' chars=1616
generated target='Karl Hartl' sample=23/200 source='David Cameron' chars=1433
generated target='Karl Hartl' sample=24/200 source='George VI' chars=1366
generated target='Karl Hartl' sample=25/200 source='Audrey Hepburn' chars=1647
generated target='Karl Hartl' sample=26/200 source='Denzel Washington' chars=1709
generated target='Karl Hartl' sample=27/200 source='Queen Victoria' chars=1751
generated target='Karl Hartl' sample=28/200 source='Anne Carson' chars=1666
generated target='Karl Hartl' sample=29/200 source='Mia Hamm' chars=1579
generated target='Karl Hartl' sample=30/200 source='Jennifer Lawrence' chars=1357
generated target='Karl Hartl' sample=31/200 source='Walter Disney' chars=1609
generated target='Karl Hartl' sample=32/200 source='Thabo Mbeki' chars=1753
generated target='Karl Hartl' sample=33/200 source='Golda Meir' chars=1643
generated target='Karl Hartl' sample=34/200 source='Ryan Reynolds' chars=1410
generated target='Karl Hartl' sample=35/200 source='Taylor Swift' chars=1182
generated target='Karl Hartl' sample=36/200 source='Silvio Berlusconi' chars=1411
generated target='Karl Hartl' sample=37/200 source='Ariana Grande' chars=1685
generated target='Karl Hartl' sample=38/200 source='Franklin D. Roosevelt' chars=1674
generated target='Karl Hartl' sample=39/200 source='Selena Gomez' chars=1595
generated target='Karl Hartl' sample=40/200 source='Morgan Freeman' chars=1324
generated target='Karl Hartl' sample=41/200 source='Amartya Sen' chars=1701
generated target='Karl Hartl' sample=42/200 source='Lil Wayne' chars=1662
generated target='Karl Hartl' sample=43/200 source='Katy Perry' chars=1410
generated target='Karl Hartl' sample=44/200 source='Shimon Peres' chars=1562
generated target='Karl Hartl' sample=45/200 source='Novak Djokovic' chars=1502
generated target='Karl Hartl' sample=46/200 source='Princess Margaret, Countess of Snowdon' chars=1468
generated target='Karl Hartl' sample=47/200 source='Blaise Pascal' chars=1614
generated target='Karl Hartl' sample=48/200 source='Angela Davis' chars=1678
generated target='Karl Hartl' sample=49/200 source='Demi Lovato' chars=1488
generated target='Karl Hartl' sample=50/200 source='Winston Churchill' chars=1622
generated target='Karl Hartl' sample=51/200 source='James Watson' chars=1739
generated target='Karl Hartl' sample=52/200 source='John F. Kennedy' chars=1545
generated target='Karl Hartl' sample=53/200 source='Helmut Kohl' chars=1565
generated target='Karl Hartl' sample=54/200 source='Marilyn Monroe' chars=1492
generated target='Karl Hartl' sample=55/200 source='Megan Fox' chars=1443
generated target='Karl Hartl' sample=56/200 source='Indra Nooyi' chars=1700
generated target='Karl Hartl' sample=57/200 source='Richard Branson' chars=1638
generated target='Karl Hartl' sample=58/200 source='Charles III' chars=1314
generated target='Karl Hartl' sample=59/200 source='Kim Kardashian' chars=1599
generated target='Karl Hartl' sample=60/200 source='Larry Bird' chars=1532
generated target='Karl Hartl' sample=61/200 source='Anna Wintour' chars=1682
generated target='Karl Hartl' sample=62/200 source='Martina Navratilova' chars=1487
generated target='Karl Hartl' sample=63/200 source='Charles Manson' chars=1588
generated target='Karl Hartl' sample=64/200 source='Angela Merkel' chars=1566
generated target='Karl Hartl' sample=65/200 source='Nadia Comaneci' chars=1513
generated target='Karl Hartl' sample=66/200 source='Beyoncé' chars=1486
generated target='Karl Hartl' sample=67/200 source='Miley Cyrus' chars=1549
generated target='Karl Hartl' sample=68/200 source='Nicki Minaj' chars=1454
generated target='Karl Hartl' sample=69/200 source='David Bowie' chars=1566
generated target='Karl Hartl' sample=70/200 source='Pablo Escobar' chars=1509
generated target='Karl Hartl' sample=71/200 source='Indira Gandhi' chars=1693
generated target='Karl Hartl' sample=72/200 source='Bernard Arnault' chars=1516
generated target='Karl Hartl' sample=73/200 source='Kobe Bryant' chars=1660
generated target='Karl Hartl' sample=74/200 source='Greg LeMond' chars=1595
generated target='Karl Hartl' sample=75/200 source='Meghan, Duchess of Sussex' chars=1413
generated target='Karl Hartl' sample=76/200 source='Mark Wahlberg' chars=1522
generated target='Karl Hartl' sample=77/200 source='W.E.B. Du Bois' chars=1628
generated target='Karl Hartl' sample=78/200 source='Sachin Tendulkar' chars=1431
generated target='Karl Hartl' sample=79/200 source='Euclid' chars=1722
generated target='Karl Hartl' sample=80/200 source='Rupert Murdoch' chars=1751
generated target='Karl Hartl' sample=81/200 source='Paul Dirac' chars=1601
generated target='Karl Hartl' sample=82/200 source='Mila Kunis' chars=1464
generated target='Karl Hartl' sample=83/200 source='Ken Griffey Jr.' chars=1377
generated target='Karl Hartl' sample=84/200 source='Ted Bundy' chars=1568
generated target='Karl Hartl' sample=85/200 source='Wayne Gretzky' chars=1373
generated target='Karl Hartl' sample=86/200 source='Elizabeth II' chars=1506
generated target='Karl Hartl' sample=87/200 source='John Cena' chars=1561
generated target='Karl Hartl' sample=88/200 source='Andrew Carnegie' chars=1604
generated target='Karl Hartl' sample=89/200 source='Kylian Mbappe' chars=1486
generated target='Karl Hartl' sample=90/200 source='Isaac Asimov' chars=1502
generated target='Karl Hartl' sample=91/200 source='Rihanna' chars=1534
generated target='Karl Hartl' sample=92/200 source='Cate Blanchett' chars=1691
generated target='Karl Hartl' sample=93/200 source='David Attenborough' chars=1650
generated target='Karl Hartl' sample=94/200 source='Arnold Schwarzenegger' chars=1404
generated target='Karl Hartl' sample=95/200 source='Jack Ma' chars=1591
generated target='Karl Hartl' sample=96/200 source='Adolf Hitler' chars=1721
generated target='Karl Hartl' sample=97/200 source='Nikola Tesla' chars=1772
generated target='Karl Hartl' sample=98/200 source='Freddie Mercury' chars=1570
generated target='Karl Hartl' sample=99/200 source='William Shakespeare' chars=1516
generated target='Karl Hartl' sample=100/200 source='Adele' chars=1327
generated target='Karl Hartl' sample=101/200 source='Vladimir Putin' chars=1748
generated target='Karl Hartl' sample=102/200 source='Kevin Systrom' chars=1520
generated target='Karl Hartl' sample=103/200 source='Anne Hathaway' chars=1494
generated target='Karl Hartl' sample=104/200 source='Pope Francis' chars=1610
generated target='Karl Hartl' sample=105/200 source='Prince (musician)' chars=1496
generated target='Karl Hartl' sample=106/200 source='Tom Hanks' chars=1619
generated target='Karl Hartl' sample=107/200 source='Ronald Reagan' chars=1594
generated target='Karl Hartl' sample=108/200 source='Tom Cruise' chars=1527
generated target='Karl Hartl' sample=109/200 source='Charles de Gaulle' chars=1641
generated target='Karl Hartl' sample=110/200 source='Michael Jackson' chars=1401
generated target='Karl Hartl' sample=111/200 source='Lady Gaga' chars=1519
generated target='Karl Hartl' sample=112/200 source='Lionel Messi' chars=1557
generated target='Karl Hartl' sample=113/200 source='Johnny Depp' chars=1580
generated target='Karl Hartl' sample=114/200 source='Dwayne Johnson' chars=1536
generated target='Karl Hartl' sample=115/200 source='David Geffen' chars=1393
generated target='Karl Hartl' sample=116/200 source='Sigmund Freud' chars=1578
generated target='Karl Hartl' sample=117/200 source='Fidel Castro' chars=1658
generated target='Karl Hartl' sample=118/200 source='Prince Philip, Duke of Edinburgh' chars=1669
generated target='Karl Hartl' sample=119/200 source='Leonardo DiCaprio' chars=1493
generated target='Karl Hartl' sample=120/200 source='John Lennon' chars=1470
generated target='Karl Hartl' sample=121/200 source='Meryl Streep' chars=1483
generated target='Karl Hartl' sample=122/200 source='Tom Brady' chars=1135
generated target='Karl Hartl' sample=123/200 source='Mark Zuckerberg' chars=1637
generated target='Karl Hartl' sample=124/200 source='Margaret Mead' chars=1645
generated target='Karl Hartl' sample=125/200 source='Carl Linnaeus' chars=1638
generated target='Karl Hartl' sample=126/200 source='Muhammad Ali' chars=1451
generated target='Karl Hartl' sample=127/200 source='Thomas Edison' chars=1763
generated target='Karl Hartl' sample=128/200 source='Lali Espósito' chars=1228
generated target='Karl Hartl' sample=129/200 source='Edith Wharton' chars=1679
generated target='Karl Hartl' sample=130/200 source='Evo Morales' chars=1673
generated target='Karl Hartl' sample=131/200 source='Zaha Hadid' chars=1655
generated target='Karl Hartl' sample=132/200 source='LeBron James' chars=1465
generated target='Karl Hartl' sample=133/200 source='Immanuel Kant' chars=1672
generated target='Karl Hartl' sample=134/200 source='Steve Jobs' chars=1533
generated target='Karl Hartl' sample=135/200 source='Elvis Presley' chars=1646
generated target='Karl Hartl' sample=136/200 source='Joe Biden' chars=1532
generated target='Karl Hartl' sample=137/200 source='Jerry Rice' chars=1264
generated target='Karl Hartl' sample=138/200 source='Zinedine Zidane' chars=1460
generated target='Karl Hartl' sample=139/200 source='Brad Pitt' chars=1697
generated target='Karl Hartl' sample=140/200 source='Mukesh Ambani' chars=1575
generated target='Karl Hartl' sample=141/200 source='Jay-Z' chars=1710
generated target='Karl Hartl' sample=142/200 source='Angelina Jolie' chars=1566
generated target='Karl Hartl' sample=143/200 source='James Dyson' chars=1596
generated target='Karl Hartl' sample=144/200 source='Jean-Jacques Rousseau' chars=1588
generated target='Karl Hartl' sample=145/200 source='Tupac Shakur' chars=1563
generated target='Karl Hartl' sample=146/200 source='Diana, Princess of Wales' chars=1597
generated target='Karl Hartl' sample=147/200 source='Zlatan Ibrahimovic' chars=1454
generated target='Karl Hartl' sample=148/200 source='Henry VIII' chars=1459
generated target='Karl Hartl' sample=149/200 source='Sergey Brin' chars=1700
generated target='Karl Hartl' sample=150/200 source='Ginni Rometty' chars=1618
generated target='Karl Hartl' sample=151/200 source='Jacinda Ardern' chars=1440
generated target='Karl Hartl' sample=152/200 source='Ruth Bader Ginsburg' chars=1511
generated target='Karl Hartl' sample=153/200 source='Debra Lee' chars=1342
generated target='Karl Hartl' sample=154/200 source='Ralph Lauren' chars=1627
generated target='Karl Hartl' sample=155/200 source='Roger Federer' chars=1431
generated target='Karl Hartl' sample=156/200 source='Scarlett Johansson' chars=1768
generated target='Karl Hartl' sample=157/200 source='Michael Jordan' chars=1623
generated target='Karl Hartl' sample=158/200 source='Kanye West' chars=1757
generated target='Karl Hartl' sample=159/200 source='Cris Cyborg' chars=1603
generated target='Karl Hartl' sample=160/200 source='Dian Fossey' chars=1607
generated target='Karl Hartl' sample=161/200 source='Phil Knight' chars=1593
generated target='Karl Hartl' sample=162/200 source='Cristiano Ronaldo' chars=1628
generated target='Karl Hartl' sample=163/200 source='Jennifer Lopez' chars=1326
generated target='Karl Hartl' sample=164/200 source='John Howard' chars=1574
generated target='Karl Hartl' sample=165/200 source='Elon Musk' chars=1781
generated target='Karl Hartl' sample=166/200 source='Billie Eilish' chars=1478
generated target='Karl Hartl' sample=167/200 source='Lewis Hamilton' chars=1625
generated target='Karl Hartl' sample=168/200 source='Robert De Niro' chars=1456
generated target='Karl Hartl' sample=169/200 source='Nancy Pelosi' chars=1686
generated target='Karl Hartl' sample=170/200 source='Magic Johnson' chars=1573
generated target='Karl Hartl' sample=171/200 source='Abraham Lincoln' chars=1532
generated target='Karl Hartl' sample=172/200 source='Plato' chars=1640
generated target='Karl Hartl' sample=173/200 source='Boris Johnson' chars=1850
generated target='Karl Hartl' sample=174/200 source='Donald Trump' chars=1854
generated target='Karl Hartl' sample=175/200 source='Albert Einstein' chars=1615
generated target='Karl Hartl' sample=176/200 source='Leonardo da Vinci' chars=1604
generated target='Karl Hartl' sample=177/200 source='Emma Watson' chars=1580
generated target='Karl Hartl' sample=178/200 source='Keanu Reeves' chars=1404
generated target='Karl Hartl' sample=179/200 source='Tony Blair' chars=1639
generated target='Karl Hartl' sample=180/200 source='Sun Tzu' chars=1538
generated target='Karl Hartl' sample=181/200 source='Michael Schumacher' chars=1646
generated target='Karl Hartl' sample=182/200 source='Mahatma Gandhi' chars=1583
generated target='Karl Hartl' sample=183/200 source='Madonna' chars=1163
generated target='Karl Hartl' sample=184/200 source='George W. Bush' chars=1704
generated target='Karl Hartl' sample=185/200 source='Marta Vieira da Silva' chars=1467
generated target='Karl Hartl' sample=186/200 source='Galileo Galilei' chars=1547
generated target='Karl Hartl' sample=187/200 source='Britney Spears' chars=1471
generated target='Karl Hartl' sample=188/200 source='Kamala Harris' chars=1636
generated target='Karl Hartl' sample=189/200 source='Stephen Hawking' chars=1660
generated target='Karl Hartl' sample=190/200 source='Viola Davis' chars=1534
generated target='Karl Hartl' sample=191/200 source='Lise Meitner' chars=1627
generated target='Karl Hartl' sample=192/200 source='Russell Crowe' chars=1456
generated target='Karl Hartl' sample=193/200 source='Barack Obama' chars=1959
generated target='Karl Hartl' sample=194/200 source='Nelson Mandela' chars=1620
generated target='Karl Hartl' sample=195/200 source='Diego Maradona' chars=1548
generated target='Karl Hartl' sample=196/200 source='Rafael Nadal' chars=1488
resume target='P. A. Yeomans' already complete: 200/200
resume target='Karl Hartl' start=196/200
generated target='Karl Hartl' sample=197/200 source='Stephen Curry' chars=1704
generated target='Karl Hartl' sample=198/200 source='Alexis de Tocqueville' chars=1653
generated target='Karl Hartl' sample=199/200 source='Kate Winslet' chars=1495
generated target='Karl Hartl' sample=200/200 source='Robin Williams' chars=1574
