resume target='Alicia de Larrocha' start=0/200
generated target='Alicia de Larrocha' sample=1/200 source='Sylvia Mathews Burwell' chars=1409
generated target='Alicia de Larrocha' sample=2/200 source='Meghan, Duchess of Sussex' chars=1648
generated target='Alicia de Larrocha' sample=3/200 source='Zbigniew Brzezinski' chars=1600
generated target='Alicia de Larrocha' sample=4/200 source='Will Smith' chars=1698
generated target='Alicia de Larrocha' sample=5/200 source='Lise Meitner' chars=1612
generated target='Alicia de Larrocha' sample=6/200 source='Immanuel Kant' chars=1614
generated target='Alicia de Larrocha' sample=7/200 source='Evo Morales' chars=1677
generated target='Alicia de Larrocha' sample=8/200 source='Mike Tyson' chars=1698
generated target='Alicia de Larrocha' sample=9/200 source='Kobe Bryant' chars=1319
generated target='Alicia de Larrocha' sample=10/200 source='Euclid' chars=1664
generated target='Alicia de Larrocha' sample=11/200 source='Zinedine Zidane' chars=1516
generated target='Alicia de Larrocha' sample=12/200 source='Silvio Berlusconi' chars=1519
generated target='Alicia de Larrocha' sample=13/200 source='Audrey Hepburn' chars=1543
generated target='Alicia de Larrocha' sample=14/200 source='Jennifer Lopez' chars=1390
generated target='Alicia de Larrocha' sample=15/200 source='Tom Cruise' chars=1505
generated target='Alicia de Larrocha' sample=16/200 source='Morgan Freeman' chars=1692
generated target='Alicia de Larrocha' sample=17/200 source='Ryan Reynolds' chars=1523
generated target='Alicia de Larrocha' sample=18/200 source='Barack Obama' chars=1706
generated target='Alicia de Larrocha' sample=19/200 source='Robert De Niro' chars=1445
generated target='Alicia de Larrocha' sample=20/200 source='Mahatma Gandhi' chars=1683
generated target='Alicia de Larrocha' sample=21/200 source='John F. Kennedy' chars=1534
generated target='Alicia de Larrocha' sample=22/200 source='Sergey Brin' chars=1696
generated target='Alicia de Larrocha' sample=23/200 source='Novak Djokovic' chars=1631
generated target='Alicia de Larrocha' sample=24/200 source='Michael Jackson' chars=1534
generated target='Alicia de Larrocha' sample=25/200 source='Pablo Escobar' chars=1526
generated target='Alicia de Larrocha' sample=26/200 source='Lil Wayne' chars=1646
generated target='Alicia de Larrocha' sample=27/200 source='Russell Crowe' chars=1855
generated target='Alicia de Larrocha' sample=28/200 source='Jay-Z' chars=1655
generated target='Alicia de Larrocha' sample=29/200 source='Michael Jordan' chars=1660
generated target='Alicia de Larrocha' sample=30/200 source='Lali Espósito' chars=1382
generated target='Alicia de Larrocha' sample=31/200 source='Tom Hanks' chars=1293
generated target='Alicia de Larrocha' sample=32/200 source='Nicki Minaj' chars=1478
generated target='Alicia de Larrocha' sample=33/200 source='Bob Marley' chars=1541
generated target='Alicia de Larrocha' sample=34/200 source='Demi Lovato' chars=1663
generated target='Alicia de Larrocha' sample=35/200 source='Blaise Pascal' chars=1604
generated target='Alicia de Larrocha' sample=36/200 source='Jack Ma' chars=1797
generated target='Alicia de Larrocha' sample=37/200 source='James Dyson' chars=1507
generated target='Alicia de Larrocha' sample=38/200 source='Shimon Peres' chars=1399
generated target='Alicia de Larrocha' sample=39/200 source='Indira Gandhi' chars=1601
generated target='Alicia de Larrocha' sample=40/200 source='Freddie Mercury' chars=1591
generated target='Alicia de Larrocha' sample=41/200 source='David Cameron' chars=1426
generated target='Alicia de Larrocha' sample=42/200 source='Phil Knight' chars=1603
generated target='Alicia de Larrocha' sample=43/200 source='Mila Kunis' chars=1617
generated target='Alicia de Larrocha' sample=44/200 source='Galileo Galilei' chars=1630
generated target='Alicia de Larrocha' sample=45/200 source='Roger Federer' chars=1799
generated target='Alicia de Larrocha' sample=46/200 source='David Attenborough' chars=1553
generated target='Alicia de Larrocha' sample=47/200 source='Anne Hathaway' chars=1597
generated target='Alicia de Larrocha' sample=48/200 source='Larry Bird' chars=1506
generated target='Alicia de Larrocha' sample=49/200 source='Frida Kahlo' chars=1590
generated target='Alicia de Larrocha' sample=50/200 source='Henry VIII' chars=1602
generated target='Alicia de Larrocha' sample=51/200 source='Megan Fox' chars=1471
generated target='Alicia de Larrocha' sample=52/200 source='Arnold Schwarzenegger' chars=1421
generated target='Alicia de Larrocha' sample=53/200 source='Rihanna' chars=1507
generated target='Alicia de Larrocha' sample=54/200 source='Adolf Hitler' chars=1623
generated target='Alicia de Larrocha' sample=55/200 source='Beyoncé' chars=1536
generated target='Alicia de Larrocha' sample=56/200 source='Charles III' chars=1694
generated target='Alicia de Larrocha' sample=57/200 source='Ginni Rometty' chars=1599
generated target='Alicia de Larrocha' sample=58/200 source='Paul Dirac' chars=1746
generated target='Alicia de Larrocha' sample=59/200 source='Mukesh Ambani' chars=1661
generated target='Alicia de Larrocha' sample=60/200 source='Walter Disney' chars=1679
generated target='Alicia de Larrocha' sample=61/200 source='Cristiano Ronaldo' chars=1552
generated target='Alicia de Larrocha' sample=62/200 source='Tom Hardy' chars=1714
generated target='Alicia de Larrocha' sample=63/200 source='Marta Vieira da Silva' chars=1326
generated target='Alicia de Larrocha' sample=64/200 source='John Lennon' chars=1342
generated target='Alicia de Larrocha' sample=65/200 source='Ken Griffey Jr.' chars=1413
generated target='Alicia de Larrocha' sample=66/200 source='Fidel Castro' chars=1621
generated target='Alicia de Larrocha' sample=67/200 source='Keanu Reeves' chars=1493
generated target='Alicia de Larrocha' sample=68/200 source='Winston Churchill' chars=1634
generated target='Alicia de Larrocha' sample=69/200 source='LeBron James' chars=1432
generated target='Alicia de Larrocha' sample=70/200 source='George Washington' chars=1652
generated target='Alicia de Larrocha' sample=71/200 source='Miley Cyrus' chars=1392
generated target='Alicia de Larrocha' sample=72/200 source='Stephen Curry' chars=1497
generated target='Alicia de Larrocha' sample=73/200 source='Elon Musk' chars=1793
generated target='Alicia de Larrocha' sample=74/200 source='Thabo Mbeki' chars=1554
generated target='Alicia de Larrocha' sample=75/200 source='Ted Bundy' chars=1621
generated target='Alicia de Larrocha' sample=76/200 source='Ruth Bader Ginsburg' chars=1520
generated target='Alicia de Larrocha' sample=77/200 source='W.E.B. Du Bois' chars=1641
generated target='Alicia de Larrocha' sample=78/200 source='Denzel Washington' chars=1548
generated target='Alicia de Larrocha' sample=79/200 source='Magic Johnson' chars=1688
generated target='Alicia de Larrocha' sample=80/200 source='Kylian Mbappe' chars=1506
generated target='Alicia de Larrocha' sample=81/200 source='Robin Williams' chars=1554
generated target='Alicia de Larrocha' sample=82/200 source='Bob Dylan' chars=1395
generated target='Alicia de Larrocha' sample=83/200 source='Rachel Carson' chars=1558
generated target='Alicia de Larrocha' sample=84/200 source='Elvis Presley' chars=1469
generated target='Alicia de Larrocha' sample=85/200 source='Marilyn Monroe' chars=1455
generated target='Alicia de Larrocha' sample=86/200 source='Johnny Depp' chars=1448
generated target='Alicia de Larrocha' sample=87/200 source='Tom Brady' chars=1593
generated target='Alicia de Larrocha' sample=88/200 source='Scarlett Johansson' chars=1591
generated target='Alicia de Larrocha' sample=89/200 source='Alan Turing' chars=1683
generated target='Alicia de Larrocha' sample=90/200 source='Joe Biden' chars=1705
generated target='Alicia de Larrocha' sample=91/200 source='Kanye West' chars=1512
generated target='Alicia de Larrocha' sample=92/200 source='Lionel Messi' chars=1719
generated target='Alicia de Larrocha' sample=93/200 source='Sachin Tendulkar' chars=1405
generated target='Alicia de Larrocha' sample=94/200 source='George W. Bush' chars=1755
generated target='Alicia de Larrocha' sample=95/200 source='Franklin D. Roosevelt' chars=1690
generated target='Alicia de Larrocha' sample=96/200 source='Lewis Hamilton' chars=1371
generated target='Alicia de Larrocha' sample=97/200 source='Zaha Hadid' chars=1668
generated target='Alicia de Larrocha' sample=98/200 source='Dian Fossey' chars=1672
generated target='Alicia de Larrocha' sample=99/200 source='Helmut Kohl' chars=1647
generated target='Alicia de Larrocha' sample=100/200 source='Jerry Rice' chars=1375
generated target='Alicia de Larrocha' sample=101/200 source='George VI' chars=1597
generated target='Alicia de Larrocha' sample=102/200 source='Sigmund Freud' chars=1741
generated target='Alicia de Larrocha' sample=103/200 source='Nadia Comaneci' chars=1248
generated target='Alicia de Larrocha' sample=104/200 source='Prince Philip, Duke of Edinburgh' chars=1657
generated target='Alicia de Larrocha' sample=105/200 source='Madonna' chars=1530
generated target='Alicia de Larrocha' sample=106/200 source='Cris Cyborg' chars=1755
generated target='Alicia de Larrocha' sample=107/200 source='Jacinda Ardern' chars=1579
generated target='Alicia de Larrocha' sample=108/200 source='Richard Branson' chars=1724
generated target='Alicia de Larrocha' sample=109/200 source='Isaac Asimov' chars=1569
generated target='Alicia de Larrocha' sample=110/200 source='Rupert Murdoch' chars=1658
generated target='Alicia de Larrocha' sample=111/200 source='Viola Davis' chars=1355
generated target='Alicia de Larrocha' sample=112/200 source='Angela Davis' chars=1728
generated target='Alicia de Larrocha' sample=113/200 source='Elizabeth II' chars=1667
generated target='Alicia de Larrocha' sample=114/200 source='James Watson' chars=1689
generated target='Alicia de Larrocha' sample=115/200 source='Emma Watson' chars=1493
generated target='Alicia de Larrocha' sample=116/200 source='Jennifer Lawrence' chars=1335
generated target='Alicia de Larrocha' sample=117/200 source='Princess Margaret, Countess of Snowdon' chars=1563
generated target='Alicia de Larrocha' sample=118/200 source='Tupac Shakur' chars=1467
generated target='Alicia de Larrocha' sample=119/200 source='Meryl Streep' chars=1654
generated target='Alicia de Larrocha' sample=120/200 source='Jean-Jacques Rousseau' chars=1688
generated target='Alicia de Larrocha' sample=121/200 source='Nelson Mandela' chars=1686
generated target='Alicia de Larrocha' sample=122/200 source='Muhammad Ali' chars=1534
generated target='Alicia de Larrocha' sample=123/200 source='Leonardo DiCaprio' chars=1668
generated target='Alicia de Larrocha' sample=124/200 source='Wayne Gretzky' chars=1335
generated target='Alicia de Larrocha' sample=125/200 source='Eminem' chars=1535
generated target='Alicia de Larrocha' sample=126/200 source='Thomas Edison' chars=1733
generated target='Alicia de Larrocha' sample=127/200 source='Brad Pitt' chars=1451
generated target='Alicia de Larrocha' sample=128/200 source='Anna Wintour' chars=1674
generated target='Alicia de Larrocha' sample=129/200 source='Michael Schumacher' chars=1657
generated target='Alicia de Larrocha' sample=130/200 source='Heath Ledger' chars=1488
generated target='Alicia de Larrocha' sample=131/200 source='Lady Gaga' chars=1610
generated target='Alicia de Larrocha' sample=132/200 source='Kim Kardashian' chars=1552
generated target='Alicia de Larrocha' sample=133/200 source='Albert Einstein' chars=1752
generated target='Alicia de Larrocha' sample=134/200 source='John Cena' chars=1498
generated target='Alicia de Larrocha' sample=135/200 source='Greg LeMond' chars=1587
generated target='Alicia de Larrocha' sample=136/200 source='Edith Wharton' chars=1617
generated target='Alicia de Larrocha' sample=137/200 source='Katy Perry' chars=1497
generated target='Alicia de Larrocha' sample=138/200 source='Indra Nooyi' chars=1759
generated target='Alicia de Larrocha' sample=139/200 source='Bruce Lee' chars=1653
generated target='Alicia de Larrocha' sample=140/200 source='Martina Navratilova' chars=1562
generated target='Alicia de Larrocha' sample=141/200 source='Jennifer Aniston' chars=1615
generated target='Alicia de Larrocha' sample=142/200 source='Zlatan Ibrahimovic' chars=1565
generated target='Alicia de Larrocha' sample=143/200 source='Angelina Jolie' chars=1405
generated target='Alicia de Larrocha' sample=144/200 source='Charles de Gaulle' chars=1507
generated target='Alicia de Larrocha' sample=145/200 source='Taylor Swift' chars=1644
generated target='Alicia de Larrocha' sample=146/200 source='Nancy Pelosi' chars=1720
generated target='Alicia de Larrocha' sample=147/200 source='Ariana Grande' chars=1611
generated target='Alicia de Larrocha' sample=148/200 source='Adele' chars=1523
generated target='Alicia de Larrocha' sample=149/200 source='Yasser Arafat' chars=1517
generated target='Alicia de Larrocha' sample=150/200 source='Rafael Nadal' chars=1654
generated target='Alicia de Larrocha' sample=151/200 source='Mark Wahlberg' chars=1475
generated target='Alicia de Larrocha' sample=152/200 source='Clint Eastwood' chars=1594
generated target='Alicia de Larrocha' sample=153/200 source='Donald Trump' chars=1460
generated target='Alicia de Larrocha' sample=154/200 source='Ronald Reagan' chars=1717
generated target='Alicia de Larrocha' sample=155/200 source='Diana, Princess of Wales' chars=1533
generated target='Alicia de Larrocha' sample=156/200 source='Margaret Mead' chars=1732
generated target='Alicia de Larrocha' sample=157/200 source='David Geffen' chars=1587
generated target='Alicia de Larrocha' sample=158/200 source='Queen Victoria' chars=1598
generated target='Alicia de Larrocha' sample=159/200 source='John Howard' chars=1645
generated target='Alicia de Larrocha' sample=160/200 source='Diego Maradona' chars=1427
generated target='Alicia de Larrocha' sample=161/200 source='Britney Spears' chars=1532
generated target='Alicia de Larrocha' sample=162/200 source='Steve Jobs' chars=1736
generated target='Alicia de Larrocha' sample=163/200 source='Amartya Sen' chars=1816
generated target='Alicia de Larrocha' sample=164/200 source='Tony Blair' chars=1802
generated target='Alicia de Larrocha' sample=165/200 source='Derek Jeter' chars=1588
generated target='Alicia de Larrocha' sample=166/200 source='Boris Johnson' chars=1665
generated target='Alicia de Larrocha' sample=167/200 source='Sylvester Stallone' chars=1676
generated target='Alicia de Larrocha' sample=168/200 source='David Bowie' chars=1569
generated target='Alicia de Larrocha' sample=169/200 source='Alexis de Tocqueville' chars=1613
generated target='Alicia de Larrocha' sample=170/200 source='Bernard Arnault' chars=1526
resume target='Alicia de Larrocha' start=170/200
generated target='Alicia de Larrocha' sample=171/200 source='Plato' chars=1635
generated target='Alicia de Larrocha' sample=172/200 source='Vladimir Putin' chars=1622
generated target='Alicia de Larrocha' sample=173/200 source='Anne Carson' chars=1589
generated target='Alicia de Larrocha' sample=174/200 source='Kamala Harris' chars=1641
generated target='Alicia de Larrocha' sample=175/200 source='Nikola Tesla' chars=1753
generated target='Alicia de Larrocha' sample=176/200 source='Ralph Lauren' chars=1676
generated target='Alicia de Larrocha' sample=177/200 source='Kevin Systrom' chars=1687
generated target='Alicia de Larrocha' sample=178/200 source='Charles Manson' chars=1634
generated target='Alicia de Larrocha' sample=179/200 source='Billie Eilish' chars=1540
generated target='Alicia de Larrocha' sample=180/200 source='Dwayne Johnson' chars=1593
generated target='Alicia de Larrocha' sample=181/200 source='William Shakespeare' chars=1557
generated target='Alicia de Larrocha' sample=182/200 source='Justin Bieber' chars=1659
generated target='Alicia de Larrocha' sample=183/200 source='Abraham Lincoln' chars=1591
generated target='Alicia de Larrocha' sample=184/200 source='Stephen Hawking' chars=1644
generated target='Alicia de Larrocha' sample=185/200 source='Debra Lee' chars=1363
generated target='Alicia de Larrocha' sample=186/200 source='Oprah Winfrey' chars=1791
generated target='Alicia de Larrocha' sample=187/200 source='Bill Gates' chars=1816
generated target='Alicia de Larrocha' sample=188/200 source='Carl Linnaeus' chars=1500
generated target='Alicia de Larrocha' sample=189/200 source='Mia Hamm' chars=1563
generated target='Alicia de Larrocha' sample=190/200 source='Kate Winslet' chars=1386
generated target='Alicia de Larrocha' sample=191/200 source='Mark Zuckerberg' chars=1749
generated target='Alicia de Larrocha' sample=192/200 source='Prince (musician)' chars=1428
generated target='Alicia de Larrocha' sample=193/200 source='Andrew Carnegie' chars=1589
generated target='Alicia de Larrocha' sample=194/200 source='Pope Francis' chars=1659
generated target='Alicia de Larrocha' sample=195/200 source='Angela Merkel' chars=1789
generated target='Alicia de Larrocha' sample=196/200 source='Golda Meir' chars=1543
generated target='Alicia de Larrocha' sample=197/200 source='Leonardo da Vinci' chars=1721
generated target='Alicia de Larrocha' sample=198/200 source='Sun Tzu' chars=1526
generated target='Alicia de Larrocha' sample=199/200 source='Cate Blanchett' chars=1486
generated target='Alicia de Larrocha' sample=200/200 source='Selena Gomez' chars=1657
resume target='Christian Krohg' start=0/200
generated target='Christian Krohg' sample=1/200 source='David Geffen' chars=1569
generated target='Christian Krohg' sample=2/200 source='Angelina Jolie' chars=1507
generated target='Christian Krohg' sample=3/200 source='Tony Blair' chars=1663
generated target='Christian Krohg' sample=4/200 source='Kate Winslet' chars=1549
generated target='Christian Krohg' sample=5/200 source='Sylvia Mathews Burwell' chars=1256
generated target='Christian Krohg' sample=6/200 source='Angela Davis' chars=1702
generated target='Christian Krohg' sample=7/200 source='Kamala Harris' chars=1654
generated target='Christian Krohg' sample=8/200 source='Steve Jobs' chars=1705
generated target='Christian Krohg' sample=9/200 source='Dwayne Johnson' chars=1573
generated target='Christian Krohg' sample=10/200 source='Scarlett Johansson' chars=1683
generated target='Christian Krohg' sample=11/200 source='Ryan Reynolds' chars=1546
generated target='Christian Krohg' sample=12/200 source='Michael Jordan' chars=1523
generated target='Christian Krohg' sample=13/200 source='Madonna' chars=1417
generated target='Christian Krohg' sample=14/200 source='Sachin Tendulkar' chars=1516
generated target='Christian Krohg' sample=15/200 source='Anna Wintour' chars=1681
generated target='Christian Krohg' sample=16/200 source='Tupac Shakur' chars=1548
generated target='Christian Krohg' sample=17/200 source='Ralph Lauren' chars=1595
generated target='Christian Krohg' sample=18/200 source='Robin Williams' chars=1575
generated target='Christian Krohg' sample=19/200 source='Lewis Hamilton' chars=1340
generated target='Christian Krohg' sample=20/200 source='Brad Pitt' chars=1470
generated target='Christian Krohg' sample=21/200 source='Elon Musk' chars=1814
generated target='Christian Krohg' sample=22/200 source='Rafael Nadal' chars=1584
generated target='Christian Krohg' sample=23/200 source='Zbigniew Brzezinski' chars=1726
generated target='Christian Krohg' sample=24/200 source='James Watson' chars=1540
generated target='Christian Krohg' sample=25/200 source='Robert De Niro' chars=1406
generated target='Christian Krohg' sample=26/200 source='Greg LeMond' chars=1518
generated target='Christian Krohg' sample=27/200 source='Ted Bundy' chars=1666
generated target='Christian Krohg' sample=28/200 source='Roger Federer' chars=1753
generated target='Christian Krohg' sample=29/200 source='Muhammad Ali' chars=1665
generated target='Christian Krohg' sample=30/200 source='Viola Davis' chars=1652
generated target='Christian Krohg' sample=31/200 source='Fidel Castro' chars=1533
generated target='Christian Krohg' sample=32/200 source='Bob Marley' chars=1465
generated target='Christian Krohg' sample=33/200 source='Dian Fossey' chars=1636
generated target='Christian Krohg' sample=34/200 source='Yasser Arafat' chars=1461
generated target='Christian Krohg' sample=35/200 source='Kanye West' chars=1616
generated target='Christian Krohg' sample=36/200 source='Jacinda Ardern' chars=1702
generated target='Christian Krohg' sample=37/200 source='Nelson Mandela' chars=1570
generated target='Christian Krohg' sample=38/200 source='Mukesh Ambani' chars=1553
generated target='Christian Krohg' sample=39/200 source='Ruth Bader Ginsburg' chars=1556
generated target='Christian Krohg' sample=40/200 source='Adele' chars=1650
generated target='Christian Krohg' sample=41/200 source='Golda Meir' chars=1555
generated target='Christian Krohg' sample=42/200 source='Jay-Z' chars=1630
generated target='Christian Krohg' sample=43/200 source='Elizabeth II' chars=1623
generated target='Christian Krohg' sample=44/200 source='Kevin Systrom' chars=1569
generated target='Christian Krohg' sample=45/200 source='Evo Morales' chars=1858
generated target='Christian Krohg' sample=46/200 source='David Cameron' chars=1684
generated target='Christian Krohg' sample=47/200 source='Mahatma Gandhi' chars=1625
generated target='Christian Krohg' sample=48/200 source='W.E.B. Du Bois' chars=1599
generated target='Christian Krohg' sample=49/200 source='Bruce Lee' chars=1527
generated target='Christian Krohg' sample=50/200 source='Lady Gaga' chars=1464
generated target='Christian Krohg' sample=51/200 source='Rihanna' chars=1689
generated target='Christian Krohg' sample=52/200 source='LeBron James' chars=1771
generated target='Christian Krohg' sample=53/200 source='Sergey Brin' chars=1615
generated target='Christian Krohg' sample=54/200 source='Ginni Rometty' chars=1599
generated target='Christian Krohg' sample=55/200 source='Thomas Edison' chars=1668
generated target='Christian Krohg' sample=56/200 source='Alexis de Tocqueville' chars=1524
generated target='Christian Krohg' sample=57/200 source='Kylian Mbappe' chars=1588
generated target='Christian Krohg' sample=58/200 source='Lil Wayne' chars=1422
generated target='Christian Krohg' sample=59/200 source='Marilyn Monroe' chars=1527
generated target='Christian Krohg' sample=60/200 source='Silvio Berlusconi' chars=1443
generated target='Christian Krohg' sample=61/200 source='Taylor Swift' chars=1267
generated target='Christian Krohg' sample=62/200 source='Nancy Pelosi' chars=1572
generated target='Christian Krohg' sample=63/200 source='Andrew Carnegie' chars=1660
generated target='Christian Krohg' sample=64/200 source='George Washington' chars=1677
generated target='Christian Krohg' sample=65/200 source='Jerry Rice' chars=1516
generated target='Christian Krohg' sample=66/200 source='Zlatan Ibrahimovic' chars=1463
generated target='Christian Krohg' sample=67/200 source='Ken Griffey Jr.' chars=1457
generated target='Christian Krohg' sample=68/200 source='Bob Dylan' chars=1516
generated target='Christian Krohg' sample=69/200 source='Albert Einstein' chars=1632
generated target='Christian Krohg' sample=70/200 source='Phil Knight' chars=1620
generated target='Christian Krohg' sample=71/200 source='Debra Lee' chars=1197
generated target='Christian Krohg' sample=72/200 source='Carl Linnaeus' chars=1503
generated target='Christian Krohg' sample=73/200 source='Oprah Winfrey' chars=1453
generated target='Christian Krohg' sample=74/200 source='Bill Gates' chars=1809
generated target='Christian Krohg' sample=75/200 source='Johnny Depp' chars=1736
generated target='Christian Krohg' sample=76/200 source='Leonardo DiCaprio' chars=1601
generated target='Christian Krohg' sample=77/200 source='Joe Biden' chars=1461
generated target='Christian Krohg' sample=78/200 source='Cate Blanchett' chars=1684
generated target='Christian Krohg' sample=79/200 source='Derek Jeter' chars=1380
generated target='Christian Krohg' sample=80/200 source='Will Smith' chars=1283
generated target='Christian Krohg' sample=81/200 source='John Cena' chars=1633
generated target='Christian Krohg' sample=82/200 source='Charles Manson' chars=1613
generated target='Christian Krohg' sample=83/200 source='Jennifer Lawrence' chars=1634
generated target='Christian Krohg' sample=84/200 source='David Attenborough' chars=1782
generated target='Christian Krohg' sample=85/200 source='Denzel Washington' chars=1577
generated target='Christian Krohg' sample=86/200 source='Zinedine Zidane' chars=1532
generated target='Christian Krohg' sample=87/200 source='Ronald Reagan' chars=1723
generated target='Christian Krohg' sample=88/200 source='John Howard' chars=1614
generated target='Christian Krohg' sample=89/200 source='Jennifer Aniston' chars=1579
generated target='Christian Krohg' sample=90/200 source='Heath Ledger' chars=1511
generated target='Christian Krohg' sample=91/200 source='John Lennon' chars=1592
generated target='Christian Krohg' sample=92/200 source='Leonardo da Vinci' chars=1563
generated target='Christian Krohg' sample=93/200 source='Audrey Hepburn' chars=1694
generated target='Christian Krohg' sample=94/200 source='Donald Trump' chars=1439
generated target='Christian Krohg' sample=95/200 source='Tom Hanks' chars=1340
generated target='Christian Krohg' sample=96/200 source='Novak Djokovic' chars=1664
generated target='Christian Krohg' sample=97/200 source='Henry VIII' chars=1510
generated target='Christian Krohg' sample=98/200 source='Mark Wahlberg' chars=1498
generated target='Christian Krohg' sample=99/200 source='Princess Margaret, Countess of Snowdon' chars=1468
generated target='Christian Krohg' sample=100/200 source='Miley Cyrus' chars=1458
generated target='Christian Krohg' sample=101/200 source='Margaret Mead' chars=1817
generated target='Christian Krohg' sample=102/200 source='Kim Kardashian' chars=1747
generated target='Christian Krohg' sample=103/200 source='Prince (musician)' chars=1495
generated target='Christian Krohg' sample=104/200 source='Arnold Schwarzenegger' chars=1487
generated target='Christian Krohg' sample=105/200 source='Nadia Comaneci' chars=1582
generated target='Christian Krohg' sample=106/200 source='Wayne Gretzky' chars=1084
generated target='Christian Krohg' sample=107/200 source='Adolf Hitler' chars=1548
generated target='Christian Krohg' sample=108/200 source='Pablo Escobar' chars=1456
generated target='Christian Krohg' sample=109/200 source='Emma Watson' chars=1684
generated target='Christian Krohg' sample=110/200 source='Mila Kunis' chars=1511
generated target='Christian Krohg' sample=111/200 source='Tom Hardy' chars=1574
generated target='Christian Krohg' sample=112/200 source='Russell Crowe' chars=1458
generated target='Christian Krohg' sample=113/200 source='Diego Maradona' chars=1519
generated target='Christian Krohg' sample=114/200 source='Queen Victoria' chars=1634
generated target='Christian Krohg' sample=115/200 source='Freddie Mercury' chars=1605
generated target='Christian Krohg' sample=116/200 source='Edith Wharton' chars=1517
generated target='Christian Krohg' sample=117/200 source='Blaise Pascal' chars=1697
generated target='Christian Krohg' sample=118/200 source='Angela Merkel' chars=1688
generated target='Christian Krohg' sample=119/200 source='Katy Perry' chars=1520
generated target='Christian Krohg' sample=120/200 source='Charles III' chars=1657
generated target='Christian Krohg' sample=121/200 source='James Dyson' chars=1642
generated target='Christian Krohg' sample=122/200 source='Keanu Reeves' chars=1512
generated target='Christian Krohg' sample=123/200 source='Martina Navratilova' chars=1326
generated target='Christian Krohg' sample=124/200 source='Barack Obama' chars=1832
generated target='Christian Krohg' sample=125/200 source='Lionel Messi' chars=1680
generated target='Christian Krohg' sample=126/200 source='Rupert Murdoch' chars=1697
generated target='Christian Krohg' sample=127/200 source='Megan Fox' chars=1560
generated target='Christian Krohg' sample=128/200 source='Marta Vieira da Silva' chars=1310
generated target='Christian Krohg' sample=129/200 source='Tom Cruise' chars=1213
generated target='Christian Krohg' sample=130/200 source='Amartya Sen' chars=1527
generated target='Christian Krohg' sample=131/200 source='Anne Carson' chars=1648
generated target='Christian Krohg' sample=132/200 source='Alan Turing' chars=1608
generated target='Christian Krohg' sample=133/200 source='Billie Eilish' chars=1739
generated target='Christian Krohg' sample=134/200 source='Isaac Asimov' chars=1509
generated target='Christian Krohg' sample=135/200 source='Nikola Tesla' chars=1835
generated target='Christian Krohg' sample=136/200 source='Nicki Minaj' chars=1425
generated target='Christian Krohg' sample=137/200 source='Sun Tzu' chars=1763
generated target='Christian Krohg' sample=138/200 source='Jean-Jacques Rousseau' chars=1696
generated target='Christian Krohg' sample=139/200 source='Boris Johnson' chars=1868
generated target='Christian Krohg' sample=140/200 source='Magic Johnson' chars=1523
generated target='Christian Krohg' sample=141/200 source='Lali Espósito' chars=1126
generated target='Christian Krohg' sample=142/200 source='Mike Tyson' chars=1679
generated target='Christian Krohg' sample=143/200 source='Meghan, Duchess of Sussex' chars=1634
generated target='Christian Krohg' sample=144/200 source='Richard Branson' chars=1571
generated target='Christian Krohg' sample=145/200 source='Diana, Princess of Wales' chars=1457
generated target='Christian Krohg' sample=146/200 source='Abraham Lincoln' chars=1554
generated target='Christian Krohg' sample=147/200 source='Clint Eastwood' chars=1565
generated target='Christian Krohg' sample=148/200 source='George W. Bush' chars=1532
resume target='Alicia de Larrocha' already complete: 200/200
resume target='Christian Krohg' start=148/200
generated target='Christian Krohg' sample=149/200 source='Morgan Freeman' chars=1793
generated target='Christian Krohg' sample=150/200 source='Mia Hamm' chars=1452
generated target='Christian Krohg' sample=151/200 source='Jennifer Lopez' chars=1536
generated target='Christian Krohg' sample=152/200 source='Elvis Presley' chars=1434
generated target='Christian Krohg' sample=153/200 source='Walter Disney' chars=1616
generated target='Christian Krohg' sample=154/200 source='Helmut Kohl' chars=1553
generated target='Christian Krohg' sample=155/200 source='Eminem' chars=1497
generated target='Christian Krohg' sample=156/200 source='Larry Bird' chars=1434
generated target='Christian Krohg' sample=157/200 source='David Bowie' chars=1488
generated target='Christian Krohg' sample=158/200 source='Anne Hathaway' chars=1450
generated target='Christian Krohg' sample=159/200 source='Cris Cyborg' chars=1606
generated target='Christian Krohg' sample=160/200 source='Stephen Hawking' chars=1744
generated target='Christian Krohg' sample=161/200 source='Justin Bieber' chars=1605
generated target='Christian Krohg' sample=162/200 source='Demi Lovato' chars=1336
generated target='Christian Krohg' sample=163/200 source='Winston Churchill' chars=1758
generated target='Christian Krohg' sample=164/200 source='Michael Jackson' chars=1482
generated target='Christian Krohg' sample=165/200 source='Euclid' chars=1831
generated target='Christian Krohg' sample=166/200 source='Immanuel Kant' chars=1598
generated target='Christian Krohg' sample=167/200 source='William Shakespeare' chars=1540
generated target='Christian Krohg' sample=168/200 source='Rachel Carson' chars=1662
generated target='Christian Krohg' sample=169/200 source='Paul Dirac' chars=1632
generated target='Christian Krohg' sample=170/200 source='Plato' chars=1700
generated target='Christian Krohg' sample=171/200 source='Vladimir Putin' chars=1588
generated target='Christian Krohg' sample=172/200 source='Kobe Bryant' chars=1715
generated target='Christian Krohg' sample=173/200 source='Tom Brady' chars=865
generated target='Christian Krohg' sample=174/200 source='Cristiano Ronaldo' chars=1687
generated target='Christian Krohg' sample=175/200 source='Mark Zuckerberg' chars=1642
generated target='Christian Krohg' sample=176/200 source='Shimon Peres' chars=1568
generated target='Christian Krohg' sample=177/200 source='Britney Spears' chars=1446
generated target='Christian Krohg' sample=178/200 source='Charles de Gaulle' chars=1521
generated target='Christian Krohg' sample=179/200 source='Bernard Arnault' chars=1431
generated target='Christian Krohg' sample=180/200 source='John F. Kennedy' chars=1604
generated target='Christian Krohg' sample=181/200 source='Meryl Streep' chars=1600
generated target='Christian Krohg' sample=182/200 source='Stephen Curry' chars=1805
generated target='Christian Krohg' sample=183/200 source='Beyoncé' chars=1666
generated target='Christian Krohg' sample=184/200 source='Galileo Galilei' chars=1576
generated target='Christian Krohg' sample=185/200 source='Sigmund Freud' chars=1675
generated target='Christian Krohg' sample=186/200 source='Jack Ma' chars=1564
generated target='Christian Krohg' sample=187/200 source='Michael Schumacher' chars=1357
generated target='Christian Krohg' sample=188/200 source='Selena Gomez' chars=1650
generated target='Christian Krohg' sample=189/200 source='George VI' chars=1564
generated target='Christian Krohg' sample=190/200 source='Zaha Hadid' chars=1626
generated target='Christian Krohg' sample=191/200 source='Indira Gandhi' chars=1554
generated target='Christian Krohg' sample=192/200 source='Prince Philip, Duke of Edinburgh' chars=1591
generated target='Christian Krohg' sample=193/200 source='Frida Kahlo' chars=1574
generated target='Christian Krohg' sample=194/200 source='Thabo Mbeki' chars=1651
generated target='Christian Krohg' sample=195/200 source='Pope Francis' chars=1567
generated target='Christian Krohg' sample=196/200 source='Sylvester Stallone' chars=1548
generated target='Christian Krohg' sample=197/200 source='Ariana Grande' chars=1568
generated target='Christian Krohg' sample=198/200 source='Lise Meitner' chars=1536
generated target='Christian Krohg' sample=199/200 source='Indra Nooyi' chars=1521
generated target='Christian Krohg' sample=200/200 source='Franklin D. Roosevelt' chars=1735
